[2019-11-27 07:59:32] production.INFO: 49  
[2019-11-27 07:59:33] production.INFO: Mithicher da mithicher.sumatoglobal@gmail.com  
[2019-11-27 07:59:33] production.INFO: Amit Tea Company Private Limited nkberia_dib@yahoo.co.in  
[2019-11-27 07:59:33] production.INFO: Amitake Microfinance amitakemicrofinance2012@gmail.com  
[2019-11-27 07:59:33] production.INFO: Amkay Skyscrappers Private Limited tokofine2@gmail.com  
[2019-11-27 07:59:33] production.INFO: Amm Des Associates Private Limited vikrom.dutta@gmail.com  
[2019-11-27 07:59:33] production.INFO: Amol Akshaya Trade Credit Pvt Ltd amolakshaya@hotmail.com  
[2019-11-27 07:59:33] production.INFO: Amp Industries Limited amp_sanjeev@yahoo.co.in  
[2019-11-27 07:59:33] production.INFO: Ampee Industries Pvt Ltd prabir7777@yahoo.co.in  
[2019-11-27 07:59:33] production.INFO: Amrit Hotels Udyog Private Limited ranjanbaishya@rediffmail.com  
[2019-11-27 07:59:33] production.INFO: Amrit Lila Buildcon Private Limited amodjha22@gmail.com  
[2019-11-27 07:59:33] production.INFO: Amrit Projects N E Limited chakraborty.finance@gmail.com  
[2019-11-27 07:59:33] production.INFO: Amritdhara Industries Private Limited khetaverma@gmail.com  
[2019-11-27 07:59:33] production.INFO: Amsing Naturals Private Limited manojkhushi1975@gmail.com  
[2019-11-27 07:59:33] production.INFO: Amtron Informatics India Limited md@amtron.in  
[2019-11-27 07:59:33] production.INFO: Amulya Mica India Private Limited amulyamica@redifmail.com  
[2019-11-27 07:59:34] production.INFO: Amwik It Private Limited aminul87@gmail.com  
[2019-11-27 07:59:34] production.INFO: Anabasis Fortified Advisors Private Limited caankitagarwal2801@gmail.com  
[2019-11-27 07:59:34] production.INFO: Anajori Micro Finance assamfancy121@gmail.com  
[2019-11-27 07:59:34] production.INFO: Anamica Traders Pvt Ltd atpl22061995@gmail.com  
[2019-11-27 07:59:34] production.INFO: Anand Raj And Co Pvt Ltd manishsethia7@gmail.com  
[2019-11-27 07:59:34] production.INFO: Ananda Infocom Private Limited rishiraj2@yahoo.com  
[2019-11-27 07:59:34] production.INFO: Anandabari Tea Co Pvt Ltd anandabariteacopvtltd@gmail.com  
[2019-11-27 07:59:34] production.INFO: Anandee Builders And Services Private Limited barmancs@gmail.com  
[2019-11-27 07:59:34] production.INFO: Anannya Realtors Private Limited shristiriverine@gmail.com  
[2019-11-27 07:59:34] production.INFO: Ananta Construction Pvt Ltd caraviagarwal@sify.com  
[2019-11-27 07:59:34] production.INFO: Anavika Projects Private Limited hsa.roc@gmail.com  
[2019-11-27 07:59:34] production.INFO: Angela Agrotech Industries Limited smrkeshari@yahoo.in  
[2019-11-27 07:59:34] production.INFO: Angela Finvest Mutual Benefit Limited angelafinvest2012@gmail.com  
[2019-11-27 07:59:34] production.INFO: Angemon Realtors Private Limited newgenengineers@gmail.com  
[2019-11-27 07:59:34] production.INFO: Anirban Mayur Am Aquos Private Limited anir.108@gmail.com  
[2019-11-27 07:59:34] production.INFO: Anjaninandan Industrial Park Development Private Limited aknc@rediffmail.com  
[2019-11-27 07:59:34] production.INFO: Anjaybee Infotech Private Limited info@ail.net.in  
[2019-11-27 07:59:34] production.INFO: Anjaybee Realities Private Limited akansanju@gmail.com  
[2019-11-27 07:59:35] production.INFO: Ankit Construction Company Private Limited manish_kanoi@yahoo.com  
[2019-11-27 07:59:35] production.INFO: Ankur Appliances And Mercantiles Private Limited ankurappliances@yahoo.co.in  
[2019-11-27 07:59:35] production.INFO: Ankur Jyoti Products Private Limited brahma.p@gmail.com  
[2019-11-27 07:59:35] production.INFO: Ankur Life Marketing Private Limited akansanju@gmail.com  
[2019-11-27 07:59:35] production.INFO: Anmol Housing Private Limited opsomani52@yahoo.in  
[2019-11-27 07:59:35] production.INFO: Anmol India Limited vma2911@gmail.com  
[2019-11-27 07:59:35] production.INFO: Annalaxmi India Enterprises Private Limited rgoenka.company@gmail.com  
[2019-11-27 07:59:35] production.INFO: Annapurna Buildtech Private Limited pknahataco@yahoo.com  
[2019-11-27 07:59:35] production.INFO: Annapurna Developers Private Limited pknahataco@yahoo.com  
[2019-11-27 07:59:35] production.INFO: Annapurna Residency Private Limited kaushalmarketing@sify.com  
[2019-11-27 07:59:35] production.INFO: Anneshwa Gramin Vikash Micro Finance sugatacal123@gmail.com  
[2019-11-27 07:59:35] production.INFO: Annex Vinimay Private Limited singhiconsult@gmail.com  
[2019-11-27 07:59:35] production.INFO: Annupriya Finance Limited komalfibre@gmail.com  
[2019-11-27 07:59:35] production.INFO: Ansumi Plantation Private Limited rajghy@yahoo.co.in  
[2019-11-27 07:59:35] production.INFO: Antarmana Projects Private Limited mailritesh_at@yahoo.co.in  
[2019-11-27 07:59:35] production.INFO: Abhishek abhishek.sumatoglobal@gmail.com  
[2019-11-27 08:00:45] production.INFO: 49  
[2019-11-27 08:00:45] production.INFO: Mithicher da mithicher.sumatoglobal@gmail.com  
[2019-11-27 08:00:46] production.INFO: Amit Tea Company Private Limited nkberia_dib@yahoo.co.in  
[2019-11-27 08:00:46] production.INFO: Amitake Microfinance amitakemicrofinance2012@gmail.com  
[2019-11-27 08:00:46] production.INFO: Amkay Skyscrappers Private Limited tokofine2@gmail.com  
[2019-11-27 08:00:46] production.INFO: Amm Des Associates Private Limited vikrom.dutta@gmail.com  
[2019-11-27 08:00:46] production.INFO: Amol Akshaya Trade Credit Pvt Ltd amolakshaya@hotmail.com  
[2019-11-27 08:00:46] production.INFO: Amp Industries Limited amp_sanjeev@yahoo.co.in  
[2019-11-27 08:00:46] production.INFO: Ampee Industries Pvt Ltd prabir7777@yahoo.co.in  
[2019-11-27 08:00:46] production.INFO: Amrit Hotels Udyog Private Limited ranjanbaishya@rediffmail.com  
[2019-11-27 08:00:46] production.INFO: Amrit Lila Buildcon Private Limited amodjha22@gmail.com  
[2019-11-27 08:00:46] production.INFO: Amrit Projects N E Limited chakraborty.finance@gmail.com  
[2019-11-27 08:00:46] production.INFO: Amritdhara Industries Private Limited khetaverma@gmail.com  
[2019-11-27 08:00:46] production.INFO: Amsing Naturals Private Limited manojkhushi1975@gmail.com  
[2019-11-27 08:00:46] production.INFO: Amtron Informatics India Limited md@amtron.in  
[2019-11-27 08:00:46] production.INFO: Amulya Mica India Private Limited amulyamica@redifmail.com  
[2019-11-27 08:00:46] production.INFO: Amwik It Private Limited aminul87@gmail.com  
[2019-11-27 08:00:46] production.INFO: Anabasis Fortified Advisors Private Limited caankitagarwal2801@gmail.com  
[2019-11-27 08:00:46] production.INFO: Anajori Micro Finance assamfancy121@gmail.com  
[2019-11-27 08:00:46] production.INFO: Anamica Traders Pvt Ltd atpl22061995@gmail.com  
[2019-11-27 08:00:47] production.INFO: Anand Raj And Co Pvt Ltd manishsethia7@gmail.com  
[2019-11-27 08:00:47] production.INFO: Ananda Infocom Private Limited rishiraj2@yahoo.com  
[2019-11-27 08:00:47] production.INFO: Anandabari Tea Co Pvt Ltd anandabariteacopvtltd@gmail.com  
[2019-11-27 08:00:47] production.INFO: Anandee Builders And Services Private Limited barmancs@gmail.com  
[2019-11-27 08:00:47] production.INFO: Anannya Realtors Private Limited shristiriverine@gmail.com  
[2019-11-27 08:00:47] production.INFO: Ananta Construction Pvt Ltd caraviagarwal@sify.com  
[2019-11-27 08:00:47] production.INFO: Anavika Projects Private Limited hsa.roc@gmail.com  
[2019-11-27 08:00:47] production.INFO: Angela Agrotech Industries Limited smrkeshari@yahoo.in  
[2019-11-27 08:00:47] production.INFO: Angela Finvest Mutual Benefit Limited angelafinvest2012@gmail.com  
[2019-11-27 08:00:47] production.INFO: Angemon Realtors Private Limited newgenengineers@gmail.com  
[2019-11-27 08:00:47] production.INFO: Anirban Mayur Am Aquos Private Limited anir.108@gmail.com  
[2019-11-27 08:00:47] production.INFO: Anjaninandan Industrial Park Development Private Limited aknc@rediffmail.com  
[2019-11-27 08:00:47] production.INFO: Anjaybee Infotech Private Limited info@ail.net.in  
[2019-11-27 08:00:47] production.INFO: Anjaybee Realities Private Limited akansanju@gmail.com  
[2019-11-27 08:00:47] production.INFO: Ankit Construction Company Private Limited manish_kanoi@yahoo.com  
[2019-11-27 08:00:47] production.INFO: Ankur Appliances And Mercantiles Private Limited ankurappliances@yahoo.co.in  
[2019-11-27 08:00:47] production.INFO: Ankur Jyoti Products Private Limited brahma.p@gmail.com  
[2019-11-27 08:00:48] production.INFO: Ankur Life Marketing Private Limited akansanju@gmail.com  
[2019-11-27 08:00:48] production.INFO: Anmol Housing Private Limited opsomani52@yahoo.in  
[2019-11-27 08:00:48] production.INFO: Anmol India Limited vma2911@gmail.com  
[2019-11-27 08:00:48] production.INFO: Annalaxmi India Enterprises Private Limited rgoenka.company@gmail.com  
[2019-11-27 08:00:48] production.INFO: Annapurna Buildtech Private Limited pknahataco@yahoo.com  
[2019-11-27 08:00:48] production.INFO: Annapurna Developers Private Limited pknahataco@yahoo.com  
[2019-11-27 08:00:48] production.INFO: Annapurna Residency Private Limited kaushalmarketing@sify.com  
[2019-11-27 08:00:48] production.INFO: Anneshwa Gramin Vikash Micro Finance sugatacal123@gmail.com  
[2019-11-27 08:00:48] production.INFO: Annex Vinimay Private Limited singhiconsult@gmail.com  
[2019-11-27 08:00:48] production.INFO: Annupriya Finance Limited komalfibre@gmail.com  
[2019-11-27 08:00:48] production.INFO: Ansumi Plantation Private Limited rajghy@yahoo.co.in  
[2019-11-27 08:00:48] production.INFO: Antarmana Projects Private Limited mailritesh_at@yahoo.co.in  
[2019-11-27 08:00:48] production.INFO: Abhishek abhishek.sumatoglobal@gmail.com  
[2019-11-27 08:02:39] production.INFO: 49  
[2019-11-27 08:02:39] production.INFO: Mithicher da mithicher.sumatoglobal@gmail.com  
[2019-11-27 08:02:39] production.INFO: Amit Tea Company Private Limited nkberia_dib@yahoo.co.in  
[2019-11-27 08:02:40] production.INFO: Amitake Microfinance amitakemicrofinance2012@gmail.com  
[2019-11-27 08:02:40] production.INFO: Amkay Skyscrappers Private Limited tokofine2@gmail.com  
[2019-11-27 08:02:40] production.INFO: Amm Des Associates Private Limited vikrom.dutta@gmail.com  
[2019-11-27 08:02:40] production.INFO: Amol Akshaya Trade Credit Pvt Ltd amolakshaya@hotmail.com  
[2019-11-27 08:02:40] production.INFO: Amp Industries Limited amp_sanjeev@yahoo.co.in  
[2019-11-27 08:02:40] production.INFO: Ampee Industries Pvt Ltd prabir7777@yahoo.co.in  
[2019-11-27 08:02:40] production.INFO: Amrit Hotels Udyog Private Limited ranjanbaishya@rediffmail.com  
[2019-11-27 08:02:40] production.INFO: Amrit Lila Buildcon Private Limited amodjha22@gmail.com  
[2019-11-27 08:02:40] production.INFO: Amrit Projects N E Limited chakraborty.finance@gmail.com  
[2019-11-27 08:02:40] production.INFO: Amritdhara Industries Private Limited khetaverma@gmail.com  
[2019-11-27 08:02:40] production.INFO: Amsing Naturals Private Limited manojkhushi1975@gmail.com  
[2019-11-27 08:02:41] production.INFO: Amtron Informatics India Limited md@amtron.in  
[2019-11-27 08:02:41] production.INFO: Amulya Mica India Private Limited amulyamica@redifmail.com  
[2019-11-27 08:02:41] production.INFO: Amwik It Private Limited aminul87@gmail.com  
[2019-11-27 08:02:41] production.INFO: Anabasis Fortified Advisors Private Limited caankitagarwal2801@gmail.com  
[2019-11-27 08:02:41] production.INFO: Anajori Micro Finance assamfancy121@gmail.com  
[2019-11-27 08:02:41] production.INFO: Anamica Traders Pvt Ltd atpl22061995@gmail.com  
[2019-11-27 08:02:41] production.INFO: Anand Raj And Co Pvt Ltd manishsethia7@gmail.com  
[2019-11-27 08:02:41] production.INFO: Ananda Infocom Private Limited rishiraj2@yahoo.com  
[2019-11-27 08:02:41] production.INFO: Anandabari Tea Co Pvt Ltd anandabariteacopvtltd@gmail.com  
[2019-11-27 08:02:42] production.INFO: Anandee Builders And Services Private Limited barmancs@gmail.com  
[2019-11-27 08:02:42] production.INFO: Anannya Realtors Private Limited shristiriverine@gmail.com  
[2019-11-27 08:02:42] production.INFO: Ananta Construction Pvt Ltd caraviagarwal@sify.com  
[2019-11-27 08:02:42] production.INFO: Anavika Projects Private Limited hsa.roc@gmail.com  
[2019-11-27 08:02:42] production.INFO: Angela Agrotech Industries Limited smrkeshari@yahoo.in  
[2019-11-27 08:02:42] production.INFO: Angela Finvest Mutual Benefit Limited angelafinvest2012@gmail.com  
[2019-11-27 08:02:42] production.INFO: Angemon Realtors Private Limited newgenengineers@gmail.com  
[2019-11-27 08:02:42] production.INFO: Anirban Mayur Am Aquos Private Limited anir.108@gmail.com  
[2019-11-27 08:02:42] production.INFO: Anjaninandan Industrial Park Development Private Limited aknc@rediffmail.com  
[2019-11-27 08:02:42] production.INFO: Anjaybee Infotech Private Limited info@ail.net.in  
[2019-11-27 08:02:43] production.INFO: Anjaybee Realities Private Limited akansanju@gmail.com  
[2019-11-27 08:02:43] production.INFO: Ankit Construction Company Private Limited manish_kanoi@yahoo.com  
[2019-11-27 08:02:43] production.INFO: Ankur Appliances And Mercantiles Private Limited ankurappliances@yahoo.co.in  
[2019-11-27 08:02:43] production.INFO: Ankur Jyoti Products Private Limited brahma.p@gmail.com  
[2019-11-27 08:02:43] production.INFO: Ankur Life Marketing Private Limited akansanju@gmail.com  
[2019-11-27 08:02:43] production.INFO: Anmol Housing Private Limited opsomani52@yahoo.in  
[2019-11-27 08:02:43] production.INFO: Anmol India Limited vma2911@gmail.com  
[2019-11-27 08:02:43] production.INFO: Annalaxmi India Enterprises Private Limited rgoenka.company@gmail.com  
[2019-11-27 08:02:43] production.INFO: Annapurna Buildtech Private Limited pknahataco@yahoo.com  
[2019-11-27 08:02:43] production.INFO: Annapurna Developers Private Limited pknahataco@yahoo.com  
[2019-11-27 08:02:44] production.INFO: Annapurna Residency Private Limited kaushalmarketing@sify.com  
[2019-11-27 08:02:44] production.INFO: Anneshwa Gramin Vikash Micro Finance sugatacal123@gmail.com  
[2019-11-27 08:02:44] production.INFO: Annex Vinimay Private Limited singhiconsult@gmail.com  
[2019-11-27 08:02:44] production.INFO: Annupriya Finance Limited komalfibre@gmail.com  
[2019-11-27 08:02:44] production.INFO: Ansumi Plantation Private Limited rajghy@yahoo.co.in  
[2019-11-27 08:02:44] production.INFO: Antarmana Projects Private Limited mailritesh_at@yahoo.co.in  
[2019-11-27 08:02:44] production.INFO: Abhishek abhishek.sumatoglobal@gmail.com  
