[2019-11-21 10:59:25] production.INFO: 2  
[2019-11-21 10:59:26] production.INFO: Mithicher damithicher.sumatoglobal@gmail.com  
[2019-11-21 10:59:26] production.INFO: Abhishekabhishek.sumatoglobal@gmail.com  
[2019-11-21 11:07:47] production.INFO: 100  
[2019-11-21 11:07:47] production.INFO: 1000 Taxis Private Limited harendranathmazumdar@yahoo.in  
[2019-11-21 11:07:47] production.INFO: 9diadem Electronics Opc Private Limited rotnoraj_kanoongo@rediffmail.com  
[2019-11-21 11:07:48] production.INFO: A B Securities Pvt Limited tradewings3@yahoo.com  
[2019-11-21 11:07:48] production.INFO: A F Sales And Marketing Private Limited casalilagarwal@gmail.com  
[2019-11-21 11:07:48] production.INFO: A G Logistic Services Private Limited shajaygupta@yahoo.com  
[2019-11-21 11:07:48] production.INFO: A J Exim Private Limited othergpspbn2014@gmail.com  
[2019-11-21 11:07:48] production.INFO: A K P Finvest Private Limited podrubber@gmail.com  
[2019-11-21 11:07:48] production.INFO: A K Warehousing Private Limited paac.ghy@gmail.com  
[2019-11-21 11:07:48] production.INFO: A One Cruises And Hospitality Private Limited dhananjoy_advocate@yahoo.co.in  
[2019-11-21 11:07:48] production.INFO: A P Associates Pvt Ltd rina1977.familly@gmail.com  
[2019-11-21 11:07:48] production.INFO: A P Realcon Private Limited rajghy@yahoo.co.in  
[2019-11-21 11:07:48] production.INFO: A R Medical Private Limited babulalbucha@yahoo.co.in  
[2019-11-21 11:07:48] production.INFO: A R Trade In Private Limited basantco2007@rediffmail.com  
[2019-11-21 11:07:48] production.INFO: A Saikia Trading Private Limited hotelballerinabw@gmail.com  
[2019-11-21 11:07:48] production.INFO: A V Traders Private Limited abhishek110kr@gmail.com  
[2019-11-21 11:07:48] production.INFO: A B Pharmaceuticals Private Limited pravin.cs@rediffmail.com  
[2019-11-21 11:07:48] production.INFO: A Energys Private Limited rgoenka.company@gmail.com  
[2019-11-21 11:07:48] production.INFO: A G Dream Projects Private Limited dpcoghy@gmail.com  
[2019-11-21 11:07:48] production.INFO: A G Cement Private Limited cajrk@rediffmail.com  
[2019-11-21 11:07:48] production.INFO: A R Mines Minerals Extraction Coprivate Limited sanubansal18@gmail.com  
[2019-11-21 11:07:48] production.INFO: A R T Entertainment Services Private Limited csintodia@gmail.com  
[2019-11-21 11:07:49] production.INFO: A S Apartments Private Limited vijay_1770fbd@yahoo.co.in  
[2019-11-21 11:07:49] production.INFO: Aaas Productions Private Limited manjupatraborah@gmail.com  
[2019-11-21 11:07:49] production.INFO: Aadarsh Real Estate And Associates Pvtltd aadarsh25@rediffmail.com  
[2019-11-21 11:07:49] production.INFO: Aadi Coal India Private Limited caravikagarwal@gmail.com  
[2019-11-21 11:07:49] production.INFO: Aadi Realtors Private Limited sudhir47005@rediffmail.com  
[2019-11-21 11:07:49] production.INFO: Aaditya Assam Knitwear Private Limited raviaga77@gmail.com  
[2019-11-21 11:07:49] production.INFO: Aadrika Milk Producer Company Limited aadhika.co@gmail.com  
[2019-11-21 11:07:49] production.INFO: Aahar Processor Private Limited bkrathi_nlp1@yahoo.com  
[2019-11-21 11:07:49] production.INFO: Aahiba Digital Services Private Limited pkrj.ca@gmail.com  
[2019-11-21 11:07:49] production.INFO: Aai Valley Carbon Private Limited agarwalasushil@rediffmail.com  
[2019-11-21 11:07:49] production.INFO: Aajir Patrika Publications Private Limited rajasreebora19@gmail.com  
[2019-11-21 11:07:49] production.INFO: Aakaar Educare Private Limited daspuja.321@gmail.com  
[2019-11-21 11:07:49] production.INFO: Aakarti Construction Private Limited aakarticonstruction.ghy@gmail.com  
[2019-11-21 11:07:49] production.INFO: Aakash Tie Up Private Limited ef786005@gmail.com  
[2019-11-21 11:07:49] production.INFO: Aaliance Trading Company Limited rocfilingmca123@gmail.com  
[2019-11-21 11:07:49] production.INFO: Aamrit Abhilas Infratech Private Limited bajaj.clients@gmail.com  
[2019-11-21 11:07:49] production.INFO: Aap Industries Private Limited ankitjain316@gmail.com  
[2019-11-21 11:07:49] production.INFO: Aar Aar Multiples Pvt Ltd aaraar.multiples@gmail.com  
[2019-11-21 11:07:50] production.INFO: Aar Pee Industries Pvt Ltd cs.guwahati@gmail.com  
[2019-11-21 11:07:50] production.INFO: Aarhaan Electronics And Mobile Indiaprivate Limited companymatters@skpt.co.in  
[2019-11-21 11:07:50] production.INFO: Aarish Consultancy Services Private Limited rocblaghy@gmail.com  
[2019-11-21 11:07:50] production.INFO: Aarpee Hygiene Private Limited rajiv_alpa@yahoo.co.in  
[2019-11-21 11:07:50] production.INFO: Aaryan Chilled Infra Private Limited carajeshagarwal@gmail.com  
[2019-11-21 11:07:50] production.INFO: Aaryan Estate Developers Private Limited mr.ucn@rediffmail.com  
[2019-11-21 11:07:50] production.INFO: Aashiyana Infracon Private Limited eurekadevelopers@gmail.com  
[2019-11-21 11:07:50] production.INFO: Aashna Marketing Private Limited aashna2009@yahoo.com  
[2019-11-21 11:07:50] production.INFO: Aashray Hospital Private Limited bimaltantia@yahoo.com  
[2019-11-21 11:07:50] production.INFO: Aashroy Developers Consortium Private Limited dhananjoy_advocate@yahoo.co.in  
[2019-11-21 11:07:50] production.INFO: Aashu Logistics And Packaging Private Limited raa.ghy@rediffmail.com  
[2019-11-21 11:07:50] production.INFO: Aasmi Facilities Security Servicesprivate Limited mridul.deka@yahoo.co.in  
[2019-11-21 11:07:50] production.INFO: Aastha Agricultural Private Limited saiconductors@gmail.com  
[2019-11-21 11:07:50] production.INFO: Aasumal Security Services Private Limited bmcorporateservices@gmail.com  
[2019-11-21 11:07:50] production.INFO: Aavnee Technologies Private Limited rocblaghy@gmail.com  
[2019-11-21 11:07:50] production.INFO: Aay Bee Commercials Pvt Ltd manishsethia7@gmail.com  
[2019-11-21 11:07:50] production.INFO: Aayush Tours Travels Private Limited csintodia@gmail.com  
[2019-11-21 11:07:50] production.INFO: Ab India Multitrade Private Limited gopal_ag74@hotmail.com  
[2019-11-21 11:07:50] production.INFO: Ab Supertech Cements Private Limited supertechcement@gmail.com  
[2019-11-21 11:07:51] production.INFO: Ababil Engineering Private Limited kkrishnapdsharma@gmail.com  
[2019-11-21 11:07:51] production.INFO: Abacus Master Mind Private Limited iahmed16@yahoo.com  
[2019-11-21 11:07:51] production.INFO: Abani Construction Private Limited rajghy@yahoo.co.in  
[2019-11-21 11:07:51] production.INFO: Abaqus India Private Limited companymatters@skpt.co.in  
[2019-11-21 11:07:51] production.INFO: Abbey Impex Private Limited arvind.gupta217@gmail.com  
[2019-11-21 11:07:51] production.INFO: Abcd Advisory Services Private Limited pravin.cs@rediffmail.com  
[2019-11-21 11:07:51] production.INFO: Abdos Lamitubes Private Limited shyam@abdosindia.com  
[2019-11-21 11:07:51] production.INFO: Abeda Live Stock Farming Private Limited prkassociate1@gmail.com  
[2019-11-21 11:07:51] production.INFO: Abeda Sea Foods Private Limited prkassociate1@gmail.com  
[2019-11-21 11:07:51] production.INFO: Abeda Tours And Travels Private Limited prkassociate1@gmail.com  
[2019-11-21 11:07:51] production.INFO: Abg Infratech Private Limited amitpareek99@yahoo.com  
[2019-11-21 11:07:51] production.INFO: Abhijat Creations Private Limited apcl_11@yahoo.com  
[2019-11-21 11:07:51] production.INFO: Abhijit Auto Agency India Private Limited ashish@abhijitauto.com  
[2019-11-21 11:07:51] production.INFO: Abhinandan Trading Private Limited dpatwaryandco@gmail.com  
[2019-11-21 11:07:51] production.INFO: Abhisarika Holidays Private Limited abhisarikaholidays@gmail.com  
[2019-11-21 11:07:51] production.INFO: Abhishek Investments India Pvt Ltd saurabhburakia@gmail.com  
[2019-11-21 11:07:51] production.INFO: Abhishek Motors Private Limited ampltata@gmail.com  
[2019-11-21 11:07:51] production.INFO: Abhishri Production Private Limited rajeshgoenka_ghy@yahoo.com  
[2019-11-21 11:07:52] production.INFO: Abhiyatri Mudran Private Limited abhiyatri@yahoo.com  
[2019-11-21 11:07:52] production.INFO: Abhoy Jan Tea Co Pvt Ltd bokaholajorhat@gmail.com  
[2019-11-21 11:07:52] production.INFO: Abhoypur Tea Estate Pvt Ltd info@sanjayhazarikaandco.com  
[2019-11-21 11:07:52] production.INFO: Abhyudya Trading Ltd abhyudyatrading@gmail.com  
[2019-11-21 11:07:52] production.INFO: Abks Infracon Private Limited barmancs@gmail.com  
[2019-11-21 11:07:52] production.INFO: Abl Consultancy Services Private Limited bhaskar@rediffmail.com  
[2019-11-21 11:07:52] production.INFO: Abm Trades Private Limited bansalbkca@gmail.com  
[2019-11-21 11:07:52] production.INFO: Abnaki Infrastructure Applications Andintegrated Development Private Limited akansanju@gmail.com  
[2019-11-21 11:07:52] production.INFO: Abode Infrastructures Private Limited pratyushh@hotmail.com  
[2019-11-21 11:07:52] production.INFO: Abonari Agrotech Limited alikpurkayastha@yahoo.com  
[2019-11-21 11:07:52] production.INFO: Abp Trade Real Estate Private Limited rgoenka.company@gmail.com  
[2019-11-21 11:07:52] production.INFO: Abr Infotech Private Limited pksassociates09@yahoo.com  
[2019-11-21 11:07:52] production.INFO: Abutani Mercantile Private Limited cajrk@rediffmail.com  
[2019-11-21 11:07:52] production.INFO: Abutani Vaahan Private Limited nabakumardoley@gmail.com  
[2019-11-21 11:07:52] production.INFO: Abutani Wheels India Private Limited cajrk@rediffmail.com  
[2019-11-21 11:07:52] production.INFO: Abyan Spices India Private Limited azimhussainac@gmail.com  
[2019-11-21 11:07:52] production.INFO: Abyss Assam Financial Consultancy Agency Services Private Limited pravin.cs@rediffmail.com  
[2019-11-21 11:07:52] production.INFO: Academy Point Of Guwahati Private Limited academypointofguwahati@gmail.com  
[2019-11-21 11:07:52] production.INFO: Accent Realcon Private Limited pmasguw@gmail.com  
[2019-11-21 11:07:52] production.INFO: Accolade Amusement Private Limited gautam@accolademail.com  
[2019-11-21 11:07:53] production.INFO: Accounts Keeping Private Limited harlalka.navin@gmail.com  
[2019-11-21 11:07:53] production.INFO: Accsys India Opc Private Limited rksarmah@hotmail.com  
[2019-11-21 11:07:53] production.INFO: Ace Acoustics And Audio Video Solutionsprivate Limited rnvco.ca@gmail.com  
[2019-11-21 11:07:53] production.INFO: Zombie abhishek.sumatoglobal@gmail.com  
