[2019-11-26 11:41:33] production.INFO: 2  
[2019-11-26 11:41:33] production.INFO: Mithicher da mithicher.sumatoglobal@gmail.com  
[2019-11-26 11:41:33] production.INFO: Abhishek abhishek.sumatoglobal@gmail.com  
[2019-11-26 11:42:18] production.INFO: 66  
[2019-11-26 11:42:18] production.INFO: Mithicher da mithicher.sumatoglobal@gmail.com  
[2019-11-26 11:42:18] production.ERROR: Undefined property: stdClass::$name {"userId":2,"exception":"[object] (ErrorException(code: 0): Undefined property: stdClass::$name at /home/mb/Sites/mailsender/app/Http/Controllers/CampaignController.php:57)
[stacktrace]
#0 /home/mb/Sites/mailsender/app/Http/Controllers/CampaignController.php(57): Illuminate\\Foundation\\Bootstrap\\HandleExceptions->handleError(8, 'Undefined prope...', '/home/mb/Sites/...', 57, Array)
#1 [internal function]: App\\Http\\Controllers\\CampaignController->App\\Http\\Controllers\\{closure}(Object(stdClass), 1)
#2 /home/mb/Sites/mailsender/vendor/laravel/framework/src/Illuminate/Support/Collection.php(638): array_map(Object(Closure), Array, Array)
#3 /home/mb/Sites/mailsender/app/Http/Controllers/CampaignController.php(58): Illuminate\\Support\\Collection->map(Object(Closure))
#4 [internal function]: App\\Http\\Controllers\\CampaignController->store(Object(Illuminate\\Http\\Request))
#5 /home/mb/Sites/mailsender/vendor/laravel/framework/src/Illuminate/Routing/Controller.php(54): call_user_func_array(Array, Array)
#6 /home/mb/Sites/mailsender/vendor/laravel/framework/src/Illuminate/Routing/ControllerDispatcher.php(45): Illuminate\\Routing\\Controller->callAction('store', Array)
#7 /home/mb/Sites/mailsender/vendor/laravel/framework/src/Illuminate/Routing/Route.php(219): Illuminate\\Routing\\ControllerDispatcher->dispatch(Object(Illuminate\\Routing\\Route), Object(App\\Http\\Controllers\\CampaignController), 'store')
#8 /home/mb/Sites/mailsender/vendor/laravel/framework/src/Illuminate/Routing/Route.php(176): Illuminate\\Routing\\Route->runController()
#9 /home/mb/Sites/mailsender/vendor/laravel/framework/src/Illuminate/Routing/Router.php(680): Illuminate\\Routing\\Route->run()
#10 /home/mb/Sites/mailsender/vendor/laravel/framework/src/Illuminate/Pipeline/Pipeline.php(130): Illuminate\\Routing\\Router->Illuminate\\Routing\\{closure}(Object(Illuminate\\Http\\Request))
#11 /home/mb/Sites/mailsender/vendor/laravel/framework/src/Illuminate/Routing/Middleware/SubstituteBindings.php(41): Illuminate\\Pipeline\\Pipeline->Illuminate\\Pipeline\\{closure}(Object(Illuminate\\Http\\Request))
#12 /home/mb/Sites/mailsender/vendor/laravel/framework/src/Illuminate/Pipeline/Pipeline.php(171): Illuminate\\Routing\\Middleware\\SubstituteBindings->handle(Object(Illuminate\\Http\\Request), Object(Closure))
#13 /home/mb/Sites/mailsender/vendor/laravel/framework/src/Illuminate/Auth/Middleware/Authenticate.php(43): Illuminate\\Pipeline\\Pipeline->Illuminate\\Pipeline\\{closure}(Object(Illuminate\\Http\\Request))
#14 /home/mb/Sites/mailsender/vendor/laravel/framework/src/Illuminate/Pipeline/Pipeline.php(171): Illuminate\\Auth\\Middleware\\Authenticate->handle(Object(Illuminate\\Http\\Request), Object(Closure))
#15 /home/mb/Sites/mailsender/vendor/laravel/framework/src/Illuminate/Foundation/Http/Middleware/VerifyCsrfToken.php(76): Illuminate\\Pipeline\\Pipeline->Illuminate\\Pipeline\\{closure}(Object(Illuminate\\Http\\Request))
#16 /home/mb/Sites/mailsender/vendor/laravel/framework/src/Illuminate/Pipeline/Pipeline.php(171): Illuminate\\Foundation\\Http\\Middleware\\VerifyCsrfToken->handle(Object(Illuminate\\Http\\Request), Object(Closure))
#17 /home/mb/Sites/mailsender/vendor/laravel/framework/src/Illuminate/View/Middleware/ShareErrorsFromSession.php(49): Illuminate\\Pipeline\\Pipeline->Illuminate\\Pipeline\\{closure}(Object(Illuminate\\Http\\Request))
#18 /home/mb/Sites/mailsender/vendor/laravel/framework/src/Illuminate/Pipeline/Pipeline.php(171): Illuminate\\View\\Middleware\\ShareErrorsFromSession->handle(Object(Illuminate\\Http\\Request), Object(Closure))
#19 /home/mb/Sites/mailsender/vendor/laravel/framework/src/Illuminate/Session/Middleware/StartSession.php(56): Illuminate\\Pipeline\\Pipeline->Illuminate\\Pipeline\\{closure}(Object(Illuminate\\Http\\Request))
#20 /home/mb/Sites/mailsender/vendor/laravel/framework/src/Illuminate/Pipeline/Pipeline.php(171): Illuminate\\Session\\Middleware\\StartSession->handle(Object(Illuminate\\Http\\Request), Object(Closure))
#21 /home/mb/Sites/mailsender/vendor/laravel/framework/src/Illuminate/Cookie/Middleware/AddQueuedCookiesToResponse.php(37): Illuminate\\Pipeline\\Pipeline->Illuminate\\Pipeline\\{closure}(Object(Illuminate\\Http\\Request))
#22 /home/mb/Sites/mailsender/vendor/laravel/framework/src/Illuminate/Pipeline/Pipeline.php(171): Illuminate\\Cookie\\Middleware\\AddQueuedCookiesToResponse->handle(Object(Illuminate\\Http\\Request), Object(Closure))
#23 /home/mb/Sites/mailsender/vendor/laravel/framework/src/Illuminate/Cookie/Middleware/EncryptCookies.php(66): Illuminate\\Pipeline\\Pipeline->Illuminate\\Pipeline\\{closure}(Object(Illuminate\\Http\\Request))
#24 /home/mb/Sites/mailsender/vendor/laravel/framework/src/Illuminate/Pipeline/Pipeline.php(171): Illuminate\\Cookie\\Middleware\\EncryptCookies->handle(Object(Illuminate\\Http\\Request), Object(Closure))
#25 /home/mb/Sites/mailsender/vendor/laravel/framework/src/Illuminate/Pipeline/Pipeline.php(105): Illuminate\\Pipeline\\Pipeline->Illuminate\\Pipeline\\{closure}(Object(Illuminate\\Http\\Request))
#26 /home/mb/Sites/mailsender/vendor/laravel/framework/src/Illuminate/Routing/Router.php(682): Illuminate\\Pipeline\\Pipeline->then(Object(Closure))
#27 /home/mb/Sites/mailsender/vendor/laravel/framework/src/Illuminate/Routing/Router.php(657): Illuminate\\Routing\\Router->runRouteWithinStack(Object(Illuminate\\Routing\\Route), Object(Illuminate\\Http\\Request))
#28 /home/mb/Sites/mailsender/vendor/laravel/framework/src/Illuminate/Routing/Router.php(623): Illuminate\\Routing\\Router->runRoute(Object(Illuminate\\Http\\Request), Object(Illuminate\\Routing\\Route))
#29 /home/mb/Sites/mailsender/vendor/laravel/framework/src/Illuminate/Routing/Router.php(612): Illuminate\\Routing\\Router->dispatchToRoute(Object(Illuminate\\Http\\Request))
#30 /home/mb/Sites/mailsender/vendor/laravel/framework/src/Illuminate/Foundation/Http/Kernel.php(176): Illuminate\\Routing\\Router->dispatch(Object(Illuminate\\Http\\Request))
#31 /home/mb/Sites/mailsender/vendor/laravel/framework/src/Illuminate/Pipeline/Pipeline.php(130): Illuminate\\Foundation\\Http\\Kernel->Illuminate\\Foundation\\Http\\{closure}(Object(Illuminate\\Http\\Request))
#32 /home/mb/Sites/mailsender/vendor/laravel/framework/src/Illuminate/Foundation/Http/Middleware/TransformsRequest.php(21): Illuminate\\Pipeline\\Pipeline->Illuminate\\Pipeline\\{closure}(Object(Illuminate\\Http\\Request))
#33 /home/mb/Sites/mailsender/vendor/laravel/framework/src/Illuminate/Pipeline/Pipeline.php(171): Illuminate\\Foundation\\Http\\Middleware\\TransformsRequest->handle(Object(Illuminate\\Http\\Request), Object(Closure))
#34 /home/mb/Sites/mailsender/vendor/laravel/framework/src/Illuminate/Foundation/Http/Middleware/TransformsRequest.php(21): Illuminate\\Pipeline\\Pipeline->Illuminate\\Pipeline\\{closure}(Object(Illuminate\\Http\\Request))
#35 /home/mb/Sites/mailsender/vendor/laravel/framework/src/Illuminate/Pipeline/Pipeline.php(171): Illuminate\\Foundation\\Http\\Middleware\\TransformsRequest->handle(Object(Illuminate\\Http\\Request), Object(Closure))
#36 /home/mb/Sites/mailsender/vendor/laravel/framework/src/Illuminate/Foundation/Http/Middleware/ValidatePostSize.php(27): Illuminate\\Pipeline\\Pipeline->Illuminate\\Pipeline\\{closure}(Object(Illuminate\\Http\\Request))
#37 /home/mb/Sites/mailsender/vendor/laravel/framework/src/Illuminate/Pipeline/Pipeline.php(171): Illuminate\\Foundation\\Http\\Middleware\\ValidatePostSize->handle(Object(Illuminate\\Http\\Request), Object(Closure))
#38 /home/mb/Sites/mailsender/vendor/laravel/framework/src/Illuminate/Foundation/Http/Middleware/CheckForMaintenanceMode.php(62): Illuminate\\Pipeline\\Pipeline->Illuminate\\Pipeline\\{closure}(Object(Illuminate\\Http\\Request))
#39 /home/mb/Sites/mailsender/vendor/laravel/framework/src/Illuminate/Pipeline/Pipeline.php(171): Illuminate\\Foundation\\Http\\Middleware\\CheckForMaintenanceMode->handle(Object(Illuminate\\Http\\Request), Object(Closure))
#40 /home/mb/Sites/mailsender/vendor/fideloper/proxy/src/TrustProxies.php(57): Illuminate\\Pipeline\\Pipeline->Illuminate\\Pipeline\\{closure}(Object(Illuminate\\Http\\Request))
#41 /home/mb/Sites/mailsender/vendor/laravel/framework/src/Illuminate/Pipeline/Pipeline.php(171): Fideloper\\Proxy\\TrustProxies->handle(Object(Illuminate\\Http\\Request), Object(Closure))
#42 /home/mb/Sites/mailsender/vendor/laravel/framework/src/Illuminate/Pipeline/Pipeline.php(105): Illuminate\\Pipeline\\Pipeline->Illuminate\\Pipeline\\{closure}(Object(Illuminate\\Http\\Request))
#43 /home/mb/Sites/mailsender/vendor/laravel/framework/src/Illuminate/Foundation/Http/Kernel.php(151): Illuminate\\Pipeline\\Pipeline->then(Object(Closure))
#44 /home/mb/Sites/mailsender/vendor/laravel/framework/src/Illuminate/Foundation/Http/Kernel.php(116): Illuminate\\Foundation\\Http\\Kernel->sendRequestThroughRouter(Object(Illuminate\\Http\\Request))
#45 /home/mb/Sites/mailsender/public/index.php(55): Illuminate\\Foundation\\Http\\Kernel->handle(Object(Illuminate\\Http\\Request))
#46 /home/mb/.config/composer/vendor/cpriego/valet-linux/server.php(204): require('/home/mb/Sites/...')
#47 {main}
"} 
[2019-11-26 11:45:24] production.INFO: 64  
[2019-11-26 11:45:24] production.INFO: Akmk Investments Private Limited rrc342@gmail.com  
[2019-11-26 11:45:24] production.INFO: Akota Commercial Limited bkb_ghy@yahoo.co.in  
[2019-11-26 11:45:25] production.INFO: Akruti Builders Private Limited manishsethia7@gmail.com  
[2019-11-26 11:45:25] production.INFO: Akruti Securities Private Limited akrutisecurities@yahoo.in  
[2019-11-26 11:45:25] production.INFO: Al Care Diagnostic And Research Centreprivate Limited barmancs@gmail.com  
[2019-11-26 11:45:25] production.INFO: Al Rods Private Limited csintodia@gmail.com  
[2019-11-26 11:45:25] production.INFO: Alaknanda Builders Private Limited amitpareek99@yahoo.com  
[2019-11-26 11:45:25] production.INFO: Alco Suppliers Pvt Ltd alcosupplierspvtltd@hotmail.com  
[2019-11-26 11:45:25] production.INFO: Alekh Commercial Private Limited namguw123@yahoo.in  
[2019-11-26 11:45:26] production.INFO: Alen J G Consortium Private Limited amitpareek99@yahoo.com  
[2019-11-26 11:45:26] production.INFO: Alena Clothing Private Limited accounts@ckpsca.com  
[2019-11-26 11:45:26] production.INFO: Alful Building Construction Private Limited ca.subodh@gmail.com  
[2019-11-26 11:45:26] production.INFO: Alhanney Builders Private Limited yasserabdullah18@gmail.com  
[2019-11-26 11:45:26] production.INFO: Alienus Pharmaceutical Private Limited hi_bikram@yahoo.co.in  
[2019-11-26 11:45:26] production.INFO: Alimur Plantations Private Limited mukesh_buk@rediffmail.com  
[2019-11-26 11:45:26] production.INFO: Aljex India Private Limited clientsrha@yahoo.in  
[2019-11-26 11:45:26] production.INFO: All Well Hospital Research Instituteprivate Limited zakir1947@yahoo.co.in  
[2019-11-26 11:45:26] production.INFO: Alleviate Lifescience Private Limited sanjoy_kr_das12@hotmail.com  
[2019-11-26 11:45:27] production.INFO: Alliance Communication Private Limited gopiram091@gmail.com  
[2019-11-26 11:45:27] production.INFO: Alliance Distributors Private Limited nkk3@indiatimes.com  
[2019-11-26 11:45:27] production.INFO: Alliance Partners Private Limited akjcompanies@gmail.com  
[2019-11-26 11:45:27] production.INFO: Allied Crop Care Private Limited alikpurkayastha@yahoo.com  
[2019-11-26 11:45:27] production.INFO: Frezit bargeet@gmail.com  
[2019-11-26 11:45:27] production.INFO: eyantra support@eyantra.net.in  
[2019-11-26 11:45:27] production.INFO: Allied Sleepers Pvt Ltd alliedsleepers97@gmail.com  
[2019-11-26 11:45:27] production.INFO: Allied Tech Solutions Security Private Limited dilippatni_ghy@yahoo.co.in  
[2019-11-26 11:45:27] production.INFO: Almac Assam Pvt Ltd Almac Assam Pvt Ltd  
[2019-11-26 11:45:28] production.INFO: Almighty Mutual Benefit Co Indialimited dev200653@rediffmail.com  
[2019-11-26 11:45:28] production.INFO: Alohi International Private Limited bedantaseal@gmail.com  
[2019-11-26 11:45:28] production.INFO: Alpana Constructions Private Limited hazarikassociate@gmail.com  
[2019-11-26 11:45:28] production.INFO: Alpine Hatcheries Private Limited alpinehatcheries@gmail.com  
[2019-11-26 11:45:28] production.INFO: Altanex Infrastructure Private Limited coolsenky@gmail.com  
[2019-11-26 11:45:28] production.INFO: Aluminium India Pvt Ltd carghar@hotmail.com  
[2019-11-26 11:45:28] production.INFO: Aluminium Industries Assam Pvt Ltd agarwalamc@gmail.com  
[2019-11-26 11:45:28] production.INFO: Alupara Tea Producer Company Limited bilatgoyary@gmail.com  
[2019-11-26 11:45:28] production.INFO: Am Television Private Limited bilatgoyary@gmail.com  
[2019-11-26 11:45:28] production.INFO: Amain Tech Consultants Private Limited info@atcplindia.co.in  
[2019-11-26 11:45:28] production.INFO: Aman Udyog Private Limited amanudyog@hotmail.com  
[2019-11-26 11:45:28] production.INFO: Amarnath Chemicals Private Limited singhiroc@rediffmail.com  
[2019-11-26 11:45:28] production.INFO: Amarnath Distributors Private Limited amarnath.distributors@zapak.com  
[2019-11-26 11:45:28] production.INFO: Amarnath International Infrastructureprivate Limited arjunchetri9435042733@gmail.com  
[2019-11-26 11:45:28] production.INFO: Amarshikha Health Wellness Private Limited amitabha.das@amarshikha.com  
[2019-11-26 11:45:28] production.INFO: Amas Enterprises Private Limited manishsethia7@gmail.com  
[2019-11-26 11:45:28] production.INFO: Amaze Construction Company Limited info@amazegroup.co.in  
[2019-11-26 11:45:28] production.INFO: Amazon Gas Company Private Limited beeruca2423@gmail.com  
[2019-11-26 11:45:28] production.INFO: Amba Banijya Private Limited binodlohi1@gmail.com  
[2019-11-26 11:45:29] production.INFO: Ambarish Builders Pvt Ltd caskjajodia@gmail.com  
[2019-11-26 11:45:29] production.INFO: Ambe Real Estate Private Limited ambereale@gmail.com  
[2019-11-26 11:45:29] production.INFO: Ambe Wire Private Limited singhiconsult@gmail.com  
[2019-11-26 11:45:29] production.INFO: Amber Health Nutrition Private Limited amberhealth2014@gmail.com  
[2019-11-26 11:45:29] production.INFO: Ambher Associates Private Limited basant_ca@rediffmail.com  
[2019-11-26 11:45:29] production.INFO: Ambika Earthmovers Private Limited itservices1986@gmail.com  
[2019-11-26 11:45:29] production.INFO: Ambika Infotech Private Limited ambika_sudhir@yahoo.co.in  
[2019-11-26 11:45:29] production.INFO: Ambika Manufacturing Trading Private Limited rhinobamboo@yahoo.co.in  
[2019-11-26 11:45:29] production.INFO: Ambika Nirman Private Limited mandipjalan@gmail.com  
[2019-11-26 11:45:29] production.INFO: Ambika Oils North East Private Limited hsa.roc@gmail.com  
[2019-11-26 11:45:29] production.INFO: Ambika Supply Services Private Limited mandipjalan@gmail.com  
[2019-11-26 11:45:29] production.INFO: Ambika Tea Co Pvt Ltd ajitkhetan@yahoo.com  
[2019-11-26 11:45:29] production.INFO: Ambitious Consultants Pvt Ltd basant_ca@rediffmail.com  
[2019-11-26 11:45:29] production.INFO: Amerigog Holdings Private Limited brajkamal@gmail.com  
[2019-11-26 11:45:29] production.INFO: Amgoorie India Ltd subrata@goodricke.com  
[2019-11-26 11:45:29] production.INFO: Amiker Enterprises Private Limited amikeramit@gmail.com  
[2019-11-26 11:45:29] production.INFO: Amines And Plasticizers Limited legal@amines.com  
[2019-11-26 11:45:29] production.INFO: Amit Aqua Private Limited amitaqua2014@gmail.com  
[2019-11-26 11:47:00] production.ERROR: Address in mailbox given [Almac Assam Pvt Ltd] does not comply with RFC 2822, 3.6.2. {"exception":"[object] (Swift_RfcComplianceException(code: 0): Address in mailbox given [Almac Assam Pvt Ltd] does not comply with RFC 2822, 3.6.2. at /home/mb/Sites/mailsender/vendor/swiftmailer/swiftmailer/lib/classes/Swift/Mime/Headers/MailboxHeader.php:355)
[stacktrace]
#0 /home/mb/Sites/mailsender/vendor/swiftmailer/swiftmailer/lib/classes/Swift/Mime/Headers/MailboxHeader.php(272): Swift_Mime_Headers_MailboxHeader->assertValidAddress('Almac Assam Pvt...')
#1 /home/mb/Sites/mailsender/vendor/swiftmailer/swiftmailer/lib/classes/Swift/Mime/Headers/MailboxHeader.php(117): Swift_Mime_Headers_MailboxHeader->normalizeMailboxes(Array)
#2 /home/mb/Sites/mailsender/vendor/swiftmailer/swiftmailer/lib/classes/Swift/Mime/Headers/MailboxHeader.php(74): Swift_Mime_Headers_MailboxHeader->setNameAddresses(Array)
#3 /home/mb/Sites/mailsender/vendor/swiftmailer/swiftmailer/lib/classes/Swift/Mime/SimpleHeaderFactory.php(61): Swift_Mime_Headers_MailboxHeader->setFieldBodyModel(Array)
#4 /home/mb/Sites/mailsender/vendor/swiftmailer/swiftmailer/lib/classes/Swift/Mime/SimpleHeaderSet.php(71): Swift_Mime_SimpleHeaderFactory->createMailboxHeader('To', Array)
#5 /home/mb/Sites/mailsender/vendor/swiftmailer/swiftmailer/lib/classes/Swift/Mime/SimpleMessage.php(323): Swift_Mime_SimpleHeaderSet->addMailboxHeader('To', Array)
#6 /home/mb/Sites/mailsender/vendor/swiftmailer/swiftmailer/lib/classes/Swift/Mime/SimpleMessage.php(299): Swift_Mime_SimpleMessage->setTo(Array)
#7 /home/mb/Sites/mailsender/vendor/laravel/framework/src/Illuminate/Mail/Message.php(164): Swift_Mime_SimpleMessage->addTo('Almac Assam Pvt...', NULL)
#8 /home/mb/Sites/mailsender/vendor/laravel/framework/src/Illuminate/Mail/Message.php(98): Illuminate\\Mail\\Message->addAddresses('Almac Assam Pvt...', NULL, 'To')
#9 /home/mb/Sites/mailsender/vendor/laravel/framework/src/Illuminate/Mail/Mailable.php(334): Illuminate\\Mail\\Message->to('Almac Assam Pvt...', NULL)
#10 /home/mb/Sites/mailsender/vendor/laravel/framework/src/Illuminate/Mail/Mailable.php(155): Illuminate\\Mail\\Mailable->buildRecipients(Object(Illuminate\\Mail\\Message))
#11 /home/mb/Sites/mailsender/vendor/laravel/framework/src/Illuminate/Mail/Mailer.php(242): Illuminate\\Mail\\Mailable->Illuminate\\Mail\\{closure}(Object(Illuminate\\Mail\\Message))
#12 /home/mb/Sites/mailsender/vendor/laravel/framework/src/Illuminate/Mail/Mailable.php(159): Illuminate\\Mail\\Mailer->send('campaign.mailte...', Array, Object(Closure))
#13 /home/mb/Sites/mailsender/vendor/laravel/framework/src/Illuminate/Support/Traits/Localizable.php(19): Illuminate\\Mail\\Mailable->Illuminate\\Mail\\{closure}()
#14 /home/mb/Sites/mailsender/vendor/laravel/framework/src/Illuminate/Mail/Mailable.php(160): Illuminate\\Mail\\Mailable->withLocale(NULL, Object(Closure))
#15 /home/mb/Sites/mailsender/vendor/laravel/framework/src/Illuminate/Mail/SendQueuedMailable.php(52): Illuminate\\Mail\\Mailable->send(Object(Illuminate\\Mail\\Mailer))
#16 [internal function]: Illuminate\\Mail\\SendQueuedMailable->handle(Object(Illuminate\\Mail\\Mailer))
#17 /home/mb/Sites/mailsender/vendor/laravel/framework/src/Illuminate/Container/BoundMethod.php(32): call_user_func_array(Array, Array)
#18 /home/mb/Sites/mailsender/vendor/laravel/framework/src/Illuminate/Container/Util.php(34): Illuminate\\Container\\BoundMethod::Illuminate\\Container\\{closure}()
#19 /home/mb/Sites/mailsender/vendor/laravel/framework/src/Illuminate/Container/BoundMethod.php(90): Illuminate\\Container\\Util::unwrapIfClosure(Object(Closure))
#20 /home/mb/Sites/mailsender/vendor/laravel/framework/src/Illuminate/Container/BoundMethod.php(34): Illuminate\\Container\\BoundMethod::callBoundMethod(Object(Illuminate\\Foundation\\Application), Array, Object(Closure))
#21 /home/mb/Sites/mailsender/vendor/laravel/framework/src/Illuminate/Container/Container.php(590): Illuminate\\Container\\BoundMethod::call(Object(Illuminate\\Foundation\\Application), Array, Array, NULL)
#22 /home/mb/Sites/mailsender/vendor/laravel/framework/src/Illuminate/Bus/Dispatcher.php(94): Illuminate\\Container\\Container->call(Array)
#23 /home/mb/Sites/mailsender/vendor/laravel/framework/src/Illuminate/Pipeline/Pipeline.php(130): Illuminate\\Bus\\Dispatcher->Illuminate\\Bus\\{closure}(Object(Illuminate\\Mail\\SendQueuedMailable))
#24 /home/mb/Sites/mailsender/vendor/laravel/framework/src/Illuminate/Pipeline/Pipeline.php(105): Illuminate\\Pipeline\\Pipeline->Illuminate\\Pipeline\\{closure}(Object(Illuminate\\Mail\\SendQueuedMailable))
#25 /home/mb/Sites/mailsender/vendor/laravel/framework/src/Illuminate/Bus/Dispatcher.php(98): Illuminate\\Pipeline\\Pipeline->then(Object(Closure))
#26 /home/mb/Sites/mailsender/vendor/laravel/framework/src/Illuminate/Queue/CallQueuedHandler.php(83): Illuminate\\Bus\\Dispatcher->dispatchNow(Object(Illuminate\\Mail\\SendQueuedMailable), false)
#27 /home/mb/Sites/mailsender/vendor/laravel/framework/src/Illuminate/Pipeline/Pipeline.php(130): Illuminate\\Queue\\CallQueuedHandler->Illuminate\\Queue\\{closure}(Object(Illuminate\\Mail\\SendQueuedMailable))
#28 /home/mb/Sites/mailsender/vendor/laravel/framework/src/Illuminate/Pipeline/Pipeline.php(105): Illuminate\\Pipeline\\Pipeline->Illuminate\\Pipeline\\{closure}(Object(Illuminate\\Mail\\SendQueuedMailable))
#29 /home/mb/Sites/mailsender/vendor/laravel/framework/src/Illuminate/Queue/CallQueuedHandler.php(85): Illuminate\\Pipeline\\Pipeline->then(Object(Closure))
#30 /home/mb/Sites/mailsender/vendor/laravel/framework/src/Illuminate/Queue/CallQueuedHandler.php(59): Illuminate\\Queue\\CallQueuedHandler->dispatchThroughMiddleware(Object(Illuminate\\Queue\\Jobs\\DatabaseJob), Object(Illuminate\\Mail\\SendQueuedMailable))
#31 /home/mb/Sites/mailsender/vendor/laravel/framework/src/Illuminate/Queue/Jobs/Job.php(88): Illuminate\\Queue\\CallQueuedHandler->call(Object(Illuminate\\Queue\\Jobs\\DatabaseJob), Array)
#32 /home/mb/Sites/mailsender/vendor/laravel/framework/src/Illuminate/Queue/Worker.php(348): Illuminate\\Queue\\Jobs\\Job->fire()
#33 /home/mb/Sites/mailsender/vendor/laravel/framework/src/Illuminate/Queue/Worker.php(294): Illuminate\\Queue\\Worker->process('database', Object(Illuminate\\Queue\\Jobs\\DatabaseJob), Object(Illuminate\\Queue\\WorkerOptions))
#34 /home/mb/Sites/mailsender/vendor/laravel/framework/src/Illuminate/Queue/Worker.php(247): Illuminate\\Queue\\Worker->runJob(Object(Illuminate\\Queue\\Jobs\\DatabaseJob), 'database', Object(Illuminate\\Queue\\WorkerOptions))
#35 /home/mb/Sites/mailsender/vendor/laravel/framework/src/Illuminate/Queue/Console/WorkCommand.php(112): Illuminate\\Queue\\Worker->runNextJob('database', 'default', Object(Illuminate\\Queue\\WorkerOptions))
#36 /home/mb/Sites/mailsender/vendor/laravel/framework/src/Illuminate/Queue/Console/WorkCommand.php(96): Illuminate\\Queue\\Console\\WorkCommand->runWorker('database', 'default')
#37 [internal function]: Illuminate\\Queue\\Console\\WorkCommand->handle()
#38 /home/mb/Sites/mailsender/vendor/laravel/framework/src/Illuminate/Container/BoundMethod.php(32): call_user_func_array(Array, Array)
#39 /home/mb/Sites/mailsender/vendor/laravel/framework/src/Illuminate/Container/Util.php(34): Illuminate\\Container\\BoundMethod::Illuminate\\Container\\{closure}()
#40 /home/mb/Sites/mailsender/vendor/laravel/framework/src/Illuminate/Container/BoundMethod.php(90): Illuminate\\Container\\Util::unwrapIfClosure(Object(Closure))
#41 /home/mb/Sites/mailsender/vendor/laravel/framework/src/Illuminate/Container/BoundMethod.php(34): Illuminate\\Container\\BoundMethod::callBoundMethod(Object(Illuminate\\Foundation\\Application), Array, Object(Closure))
#42 /home/mb/Sites/mailsender/vendor/laravel/framework/src/Illuminate/Container/Container.php(590): Illuminate\\Container\\BoundMethod::call(Object(Illuminate\\Foundation\\Application), Array, Array, NULL)
#43 /home/mb/Sites/mailsender/vendor/laravel/framework/src/Illuminate/Console/Command.php(202): Illuminate\\Container\\Container->call(Array)
#44 /home/mb/Sites/mailsender/vendor/symfony/console/Command/Command.php(255): Illuminate\\Console\\Command->execute(Object(Symfony\\Component\\Console\\Input\\ArgvInput), Object(Illuminate\\Console\\OutputStyle))
#45 /home/mb/Sites/mailsender/vendor/laravel/framework/src/Illuminate/Console/Command.php(189): Symfony\\Component\\Console\\Command\\Command->run(Object(Symfony\\Component\\Console\\Input\\ArgvInput), Object(Illuminate\\Console\\OutputStyle))
#46 /home/mb/Sites/mailsender/vendor/symfony/console/Application.php(934): Illuminate\\Console\\Command->run(Object(Symfony\\Component\\Console\\Input\\ArgvInput), Object(Symfony\\Component\\Console\\Output\\ConsoleOutput))
#47 /home/mb/Sites/mailsender/vendor/symfony/console/Application.php(273): Symfony\\Component\\Console\\Application->doRunCommand(Object(Illuminate\\Queue\\Console\\WorkCommand), Object(Symfony\\Component\\Console\\Input\\ArgvInput), Object(Symfony\\Component\\Console\\Output\\ConsoleOutput))
#48 /home/mb/Sites/mailsender/vendor/symfony/console/Application.php(149): Symfony\\Component\\Console\\Application->doRun(Object(Symfony\\Component\\Console\\Input\\ArgvInput), Object(Symfony\\Component\\Console\\Output\\ConsoleOutput))
#49 /home/mb/Sites/mailsender/vendor/laravel/framework/src/Illuminate/Console/Application.php(90): Symfony\\Component\\Console\\Application->run(Object(Symfony\\Component\\Console\\Input\\ArgvInput), Object(Symfony\\Component\\Console\\Output\\ConsoleOutput))
#50 /home/mb/Sites/mailsender/vendor/laravel/framework/src/Illuminate/Foundation/Console/Kernel.php(131): Illuminate\\Console\\Application->run(Object(Symfony\\Component\\Console\\Input\\ArgvInput), Object(Symfony\\Component\\Console\\Output\\ConsoleOutput))
#51 /home/mb/Sites/mailsender/artisan(37): Illuminate\\Foundation\\Console\\Kernel->handle(Object(Symfony\\Component\\Console\\Input\\ArgvInput), Object(Symfony\\Component\\Console\\Output\\ConsoleOutput))
#52 {main}
"} 
[2019-11-26 11:51:17] production.ERROR: App\Mail\FirstCampaign has been attempted too many times or run too long. The job may have previously timed out. {"exception":"[object] (Illuminate\\Queue\\MaxAttemptsExceededException(code: 0): App\\Mail\\FirstCampaign has been attempted too many times or run too long. The job may have previously timed out. at /home/mb/Sites/mailsender/vendor/laravel/framework/src/Illuminate/Queue/Worker.php:612)
[stacktrace]
#0 /home/mb/Sites/mailsender/vendor/laravel/framework/src/Illuminate/Queue/Worker.php(426): Illuminate\\Queue\\Worker->maxAttemptsExceededException(Object(Illuminate\\Queue\\Jobs\\DatabaseJob))
#1 /home/mb/Sites/mailsender/vendor/laravel/framework/src/Illuminate/Queue/Worker.php(338): Illuminate\\Queue\\Worker->markJobAsFailedIfAlreadyExceedsMaxAttempts('database', Object(Illuminate\\Queue\\Jobs\\DatabaseJob), 1)
#2 /home/mb/Sites/mailsender/vendor/laravel/framework/src/Illuminate/Queue/Worker.php(294): Illuminate\\Queue\\Worker->process('database', Object(Illuminate\\Queue\\Jobs\\DatabaseJob), Object(Illuminate\\Queue\\WorkerOptions))
#3 /home/mb/Sites/mailsender/vendor/laravel/framework/src/Illuminate/Queue/Worker.php(247): Illuminate\\Queue\\Worker->runJob(Object(Illuminate\\Queue\\Jobs\\DatabaseJob), 'database', Object(Illuminate\\Queue\\WorkerOptions))
#4 /home/mb/Sites/mailsender/vendor/laravel/framework/src/Illuminate/Queue/Console/WorkCommand.php(112): Illuminate\\Queue\\Worker->runNextJob('database', 'default', Object(Illuminate\\Queue\\WorkerOptions))
#5 /home/mb/Sites/mailsender/vendor/laravel/framework/src/Illuminate/Queue/Console/WorkCommand.php(96): Illuminate\\Queue\\Console\\WorkCommand->runWorker('database', 'default')
#6 [internal function]: Illuminate\\Queue\\Console\\WorkCommand->handle()
#7 /home/mb/Sites/mailsender/vendor/laravel/framework/src/Illuminate/Container/BoundMethod.php(32): call_user_func_array(Array, Array)
#8 /home/mb/Sites/mailsender/vendor/laravel/framework/src/Illuminate/Container/Util.php(34): Illuminate\\Container\\BoundMethod::Illuminate\\Container\\{closure}()
#9 /home/mb/Sites/mailsender/vendor/laravel/framework/src/Illuminate/Container/BoundMethod.php(90): Illuminate\\Container\\Util::unwrapIfClosure(Object(Closure))
#10 /home/mb/Sites/mailsender/vendor/laravel/framework/src/Illuminate/Container/BoundMethod.php(34): Illuminate\\Container\\BoundMethod::callBoundMethod(Object(Illuminate\\Foundation\\Application), Array, Object(Closure))
#11 /home/mb/Sites/mailsender/vendor/laravel/framework/src/Illuminate/Container/Container.php(590): Illuminate\\Container\\BoundMethod::call(Object(Illuminate\\Foundation\\Application), Array, Array, NULL)
#12 /home/mb/Sites/mailsender/vendor/laravel/framework/src/Illuminate/Console/Command.php(202): Illuminate\\Container\\Container->call(Array)
#13 /home/mb/Sites/mailsender/vendor/symfony/console/Command/Command.php(255): Illuminate\\Console\\Command->execute(Object(Symfony\\Component\\Console\\Input\\ArgvInput), Object(Illuminate\\Console\\OutputStyle))
#14 /home/mb/Sites/mailsender/vendor/laravel/framework/src/Illuminate/Console/Command.php(189): Symfony\\Component\\Console\\Command\\Command->run(Object(Symfony\\Component\\Console\\Input\\ArgvInput), Object(Illuminate\\Console\\OutputStyle))
#15 /home/mb/Sites/mailsender/vendor/symfony/console/Application.php(934): Illuminate\\Console\\Command->run(Object(Symfony\\Component\\Console\\Input\\ArgvInput), Object(Symfony\\Component\\Console\\Output\\ConsoleOutput))
#16 /home/mb/Sites/mailsender/vendor/symfony/console/Application.php(273): Symfony\\Component\\Console\\Application->doRunCommand(Object(Illuminate\\Queue\\Console\\WorkCommand), Object(Symfony\\Component\\Console\\Input\\ArgvInput), Object(Symfony\\Component\\Console\\Output\\ConsoleOutput))
#17 /home/mb/Sites/mailsender/vendor/symfony/console/Application.php(149): Symfony\\Component\\Console\\Application->doRun(Object(Symfony\\Component\\Console\\Input\\ArgvInput), Object(Symfony\\Component\\Console\\Output\\ConsoleOutput))
#18 /home/mb/Sites/mailsender/vendor/laravel/framework/src/Illuminate/Console/Application.php(90): Symfony\\Component\\Console\\Application->run(Object(Symfony\\Component\\Console\\Input\\ArgvInput), Object(Symfony\\Component\\Console\\Output\\ConsoleOutput))
#19 /home/mb/Sites/mailsender/vendor/laravel/framework/src/Illuminate/Foundation/Console/Kernel.php(131): Illuminate\\Console\\Application->run(Object(Symfony\\Component\\Console\\Input\\ArgvInput), Object(Symfony\\Component\\Console\\Output\\ConsoleOutput))
#20 /home/mb/Sites/mailsender/artisan(37): Illuminate\\Foundation\\Console\\Kernel->handle(Object(Symfony\\Component\\Console\\Input\\ArgvInput), Object(Symfony\\Component\\Console\\Output\\ConsoleOutput))
#21 {main}
"} 
[2019-11-26 11:51:17] production.ERROR: App\Mail\FirstCampaign has been attempted too many times or run too long. The job may have previously timed out. {"exception":"[object] (Illuminate\\Queue\\MaxAttemptsExceededException(code: 0): App\\Mail\\FirstCampaign has been attempted too many times or run too long. The job may have previously timed out. at /home/mb/Sites/mailsender/vendor/laravel/framework/src/Illuminate/Queue/Worker.php:612)
[stacktrace]
#0 /home/mb/Sites/mailsender/vendor/laravel/framework/src/Illuminate/Queue/Worker.php(426): Illuminate\\Queue\\Worker->maxAttemptsExceededException(Object(Illuminate\\Queue\\Jobs\\DatabaseJob))
#1 /home/mb/Sites/mailsender/vendor/laravel/framework/src/Illuminate/Queue/Worker.php(338): Illuminate\\Queue\\Worker->markJobAsFailedIfAlreadyExceedsMaxAttempts('database', Object(Illuminate\\Queue\\Jobs\\DatabaseJob), 1)
#2 /home/mb/Sites/mailsender/vendor/laravel/framework/src/Illuminate/Queue/Worker.php(294): Illuminate\\Queue\\Worker->process('database', Object(Illuminate\\Queue\\Jobs\\DatabaseJob), Object(Illuminate\\Queue\\WorkerOptions))
#3 /home/mb/Sites/mailsender/vendor/laravel/framework/src/Illuminate/Queue/Worker.php(247): Illuminate\\Queue\\Worker->runJob(Object(Illuminate\\Queue\\Jobs\\DatabaseJob), 'database', Object(Illuminate\\Queue\\WorkerOptions))
#4 /home/mb/Sites/mailsender/vendor/laravel/framework/src/Illuminate/Queue/Console/WorkCommand.php(112): Illuminate\\Queue\\Worker->runNextJob('database', 'default', Object(Illuminate\\Queue\\WorkerOptions))
#5 /home/mb/Sites/mailsender/vendor/laravel/framework/src/Illuminate/Queue/Console/WorkCommand.php(96): Illuminate\\Queue\\Console\\WorkCommand->runWorker('database', 'default')
#6 [internal function]: Illuminate\\Queue\\Console\\WorkCommand->handle()
#7 /home/mb/Sites/mailsender/vendor/laravel/framework/src/Illuminate/Container/BoundMethod.php(32): call_user_func_array(Array, Array)
#8 /home/mb/Sites/mailsender/vendor/laravel/framework/src/Illuminate/Container/Util.php(34): Illuminate\\Container\\BoundMethod::Illuminate\\Container\\{closure}()
#9 /home/mb/Sites/mailsender/vendor/laravel/framework/src/Illuminate/Container/BoundMethod.php(90): Illuminate\\Container\\Util::unwrapIfClosure(Object(Closure))
#10 /home/mb/Sites/mailsender/vendor/laravel/framework/src/Illuminate/Container/BoundMethod.php(34): Illuminate\\Container\\BoundMethod::callBoundMethod(Object(Illuminate\\Foundation\\Application), Array, Object(Closure))
#11 /home/mb/Sites/mailsender/vendor/laravel/framework/src/Illuminate/Container/Container.php(590): Illuminate\\Container\\BoundMethod::call(Object(Illuminate\\Foundation\\Application), Array, Array, NULL)
#12 /home/mb/Sites/mailsender/vendor/laravel/framework/src/Illuminate/Console/Command.php(202): Illuminate\\Container\\Container->call(Array)
#13 /home/mb/Sites/mailsender/vendor/symfony/console/Command/Command.php(255): Illuminate\\Console\\Command->execute(Object(Symfony\\Component\\Console\\Input\\ArgvInput), Object(Illuminate\\Console\\OutputStyle))
#14 /home/mb/Sites/mailsender/vendor/laravel/framework/src/Illuminate/Console/Command.php(189): Symfony\\Component\\Console\\Command\\Command->run(Object(Symfony\\Component\\Console\\Input\\ArgvInput), Object(Illuminate\\Console\\OutputStyle))
#15 /home/mb/Sites/mailsender/vendor/symfony/console/Application.php(934): Illuminate\\Console\\Command->run(Object(Symfony\\Component\\Console\\Input\\ArgvInput), Object(Symfony\\Component\\Console\\Output\\ConsoleOutput))
#16 /home/mb/Sites/mailsender/vendor/symfony/console/Application.php(273): Symfony\\Component\\Console\\Application->doRunCommand(Object(Illuminate\\Queue\\Console\\WorkCommand), Object(Symfony\\Component\\Console\\Input\\ArgvInput), Object(Symfony\\Component\\Console\\Output\\ConsoleOutput))
#17 /home/mb/Sites/mailsender/vendor/symfony/console/Application.php(149): Symfony\\Component\\Console\\Application->doRun(Object(Symfony\\Component\\Console\\Input\\ArgvInput), Object(Symfony\\Component\\Console\\Output\\ConsoleOutput))
#18 /home/mb/Sites/mailsender/vendor/laravel/framework/src/Illuminate/Console/Application.php(90): Symfony\\Component\\Console\\Application->run(Object(Symfony\\Component\\Console\\Input\\ArgvInput), Object(Symfony\\Component\\Console\\Output\\ConsoleOutput))
#19 /home/mb/Sites/mailsender/vendor/laravel/framework/src/Illuminate/Foundation/Console/Kernel.php(131): Illuminate\\Console\\Application->run(Object(Symfony\\Component\\Console\\Input\\ArgvInput), Object(Symfony\\Component\\Console\\Output\\ConsoleOutput))
#20 /home/mb/Sites/mailsender/artisan(37): Illuminate\\Foundation\\Console\\Kernel->handle(Object(Symfony\\Component\\Console\\Input\\ArgvInput), Object(Symfony\\Component\\Console\\Output\\ConsoleOutput))
#21 {main}
"} 
