[2019-11-23 09:54:30] production.INFO: 98  
[2019-11-23 09:54:30] production.INFO: Mithicher da mithicher.sumatoglobal@gmail.com  
[2019-11-23 09:54:30] production.INFO: Ace Alliance Private Limited info@aceally.com  
[2019-11-23 09:54:30] production.INFO: Ace Plantations Private Limited sharad.agarwalla@gmail.com  
[2019-11-23 09:54:31] production.INFO: Acepro International Private Limited sunit_bajaj@yahoo.com  
[2019-11-23 09:54:31] production.INFO: Aces Greenbuild Private Limited soumyadutta@acesvision.net  
[2019-11-23 09:54:31] production.INFO: Aces Infradev Private Limited ashishd@acesvision.net  
[2019-11-23 09:54:31] production.INFO: Achize Technology And Services Private Limited dipankar.achieve@gmail.com  
[2019-11-23 09:54:31] production.INFO: Achyut Promoters And Builders Private Limited sanjay_khetawat@yahoo.com  
[2019-11-23 09:54:31] production.INFO: Acme Events Expo Private Limited amitpareek99@yahoo.com  
[2019-11-23 09:54:31] production.INFO: Acme Infratrade Private Limited acmeexpo01@gmail.com  
[2019-11-23 09:54:31] production.INFO: Activ Consulting Engineers India Private Limited info@aceally.com  
[2019-11-23 09:54:31] production.INFO: Acuity Construction Private Limited du0393@gmail.com  
[2019-11-23 09:54:31] production.INFO: Ad Duha Life Science Private Limited Opc hkhariskhan@gmail.com  
[2019-11-23 09:54:31] production.INFO: Adalrico Industries Private Limited mahanta_co@yahoo.com  
[2019-11-23 09:54:32] production.INFO: Adept Media Private Limited adeptmediadelhi@gmail.com  
[2019-11-23 09:54:32] production.INFO: Adesan Inter Technologies India Private Limited csintodia@gmail.com  
[2019-11-23 09:54:32] production.INFO: Adhunik Estates Private Limited adhunik@amazegroup.co.in  
[2019-11-23 09:54:32] production.INFO: Adhunik Msp Cement Assam Limited pradhan.bhabagrahi@dalmiabharat.com  
[2019-11-23 09:54:32] production.INFO: Adin Media Solution Private Limited rajtaxcon@gmail.com  
[2019-11-23 09:54:32] production.INFO: Adinath Carriers Private Limited automobilecarriers1@gmail.com  
[2019-11-23 09:54:32] production.INFO: Aditi Import Export Private Limited bikaner@nsarda.in  
[2019-11-23 09:54:32] production.INFO: Adition Builder Developer Private Limited bhurajdas@hotmail.com  
[2019-11-23 09:54:32] production.INFO: Adition Nutrient Private Limited bhurajdas@gmail.com  
[2019-11-23 09:54:32] production.INFO: Adition Private Limited bhurajdas@gmail.com  
[2019-11-23 09:54:32] production.INFO: Aditya India Infratech Private Limited rgoenka.company@gmail.com  
[2019-11-23 09:54:32] production.INFO: Aditya Advisory Services Private Limited khetawat1@gmail.com  
[2019-11-23 09:54:33] production.INFO: Aditya Auto Sales Services Private Limited appcpl@gmail.com  
[2019-11-23 09:54:33] production.INFO: Aditya Electronics Private Limited pravin.cs@rediffmail.com  
[2019-11-23 09:54:33] production.INFO: Aditya Generic Drugs Private Limited pravin.cs@rediffmail.com  
[2019-11-23 09:54:33] production.INFO: Aditya Propeller Auto Private Limited pravin.cs@rediffmail.com  
[2019-11-23 09:54:33] production.INFO: Adityas Centre Point Hotel Private Limited pravin.cs@gmail.com  
[2019-11-23 09:54:33] production.INFO: Adobo Foods Private Limited lumdingfoods@gmail.com  
[2019-11-23 09:54:33] production.INFO: Adrp Computer Private Limited info@adrp.in  
[2019-11-23 09:54:33] production.INFO: Ads Tech Projects Private Limited hsa.roc@gmail.com  
[2019-11-23 09:54:33] production.INFO: Adsinfra Protech Private Limited sonmoy26@gmail.com  
[2019-11-23 09:54:33] production.INFO: Advance Neuroscience Hospital Andresearch Pvt Ltd anshospital.2014@gmail.com  
[2019-11-23 09:54:33] production.INFO: Advent Industries Limited debnathcs@rediffmail.com  
[2019-11-23 09:54:33] production.INFO: Aegis Entrade Private Limited akansanju@gmail.com  
[2019-11-23 09:54:34] production.INFO: Aero City Buildcon Private Limited cs@protechgroup.in  
[2019-11-23 09:54:34] production.INFO: Afchana Multi Trade Private Limited amdat8486142357@gmail.com  
[2019-11-23 09:54:34] production.INFO: Affievents Sports Management Private Limited rkpghy@gmail.com  
[2019-11-23 09:54:34] production.INFO: Afflatus Trading Private Limited infocal@assamroof.com  
[2019-11-23 09:54:34] production.INFO: Afm Enterprises Private Limited dkbc_imp@rediffmail.com  
[2019-11-23 09:54:34] production.INFO: Aft Hsrp Solutions Private Limited frost.kanpur@frostinternational.in  
[2019-11-23 09:54:34] production.INFO: Agam Enclave Private Limited agampharma.ghy@gmail.com  
[2019-11-23 09:54:34] production.INFO: Agam Pharmaceutical Private Limited akansanju@gmail.com  
[2019-11-23 09:54:34] production.INFO: Agarwal Automobiles Pvt Ltd vijayagarwal.1965@yahoo.in  
[2019-11-23 09:54:34] production.INFO: Agarwal Sales Agencies Limited sribalajiindustries2005@gmail.com  
[2019-11-23 09:54:35] production.INFO: Agarwal Traders Pvt Ltd sushil@cardtec.biz  
[2019-11-23 09:54:35] production.INFO: Agarwalla Agricultural Co Private Limited kanoi_jp@hotmail.com  
[2019-11-23 09:54:35] production.INFO: Agarwalla Financial Services Private Limited manishagarwalla11@gmail.com  
[2019-11-23 09:54:35] production.INFO: Agarwalla Securities Private Limited agarwallasecuritiespvtltd@gmail.com  
[2019-11-23 09:54:35] production.INFO: Aggarwal Brothers Coal India Private Limited bansalbkca@gmail.com  
[2019-11-23 09:54:35] production.INFO: Agh Constructions Private Limited rakeshbajrangco@yahoo.co.in  
[2019-11-23 09:54:35] production.INFO: Agile Achievers Developers Private Limited bajajdc@yahoo.co.in  
[2019-11-23 09:54:35] production.INFO: Agile Hospitals Pvt Ltd agilehospitals@gmail.com  
[2019-11-23 09:54:35] production.INFO: Agni Shanti Buildtech Private Limited asbuildtech@yahoo.com  
[2019-11-23 09:54:36] production.INFO: Agnipa Energo Private Limited casiddharthaboruah@gmail.com  
[2019-11-23 09:54:36] production.INFO: Agnishanti Constructions Private Limited agnishantigroup@outlook.com  
[2019-11-23 09:54:36] production.INFO: Agnishanti Infocomm Private Limited agnishantigroup@outlook.com  
[2019-11-23 09:54:36] production.INFO: Agnishanti Infra Provider Private Limited agnishantigroup@outlook.com  
[2019-11-23 09:54:36] production.INFO: Agnisikha Investment And Holdingsprivate Limited agnisikha@live.in  
[2019-11-23 09:54:36] production.INFO: Agr Organic Food Private Limited roc.smvs@gmail.com  
[2019-11-23 09:54:36] production.INFO: Agradoot Publishers Pvt Ltd agradoot@gmail.com  
[2019-11-23 09:54:36] production.INFO: Agrani Securities Private Limited agranisecuritiespvtltd@gmail.com  
[2019-11-23 09:54:36] production.INFO: Agri Plantation Consultant Private Limited rk.goenka@jorehaut.com  
[2019-11-23 09:54:36] production.INFO: Agrim Infraproject Private Limited mukeshchokhani@hotmail.com  
[2019-11-23 09:54:36] production.INFO: Agro Project Promotional Servicesprivate Limited rahulamin.1@rediffmail.com  
[2019-11-23 09:54:36] production.INFO: Agronomics Farming Research Private Limited companies@gmail.com  
[2019-11-23 09:54:36] production.INFO: Ahinsha Chemicals Ltd ahinshachemicals@gmail.com  
[2019-11-23 09:54:37] production.INFO: Ahmed Tea Co Pvt Ltd ucm1935@rediffmail.com  
[2019-11-23 09:54:37] production.INFO: Ai Education And Skill Developmentprivate Limited education@ambika-group.com  
[2019-11-23 09:54:37] production.INFO: Ai Sam Energy And Natural Resourcesprivate Limited hkgogoi@aisamenergy.com  
[2019-11-23 09:54:37] production.INFO: Aideobarie Tea Estates Private Limited aadijain1@sancharnet.in  
[2019-11-23 09:54:37] production.INFO: Aieagro Tech Foods Private Limited aieagrotech@gmail.com  
[2019-11-23 09:54:37] production.INFO: Aietech Infrastructure Private Limited anil.client@gmail.com  
[2019-11-23 09:54:37] production.INFO: Aimbeez Cryptonyx Private Limited mailmriganka@yahoo.com  
[2019-11-23 09:54:37] production.INFO: Aimee Baruah Multitrade Private Limited prabir_ca@rediffmail.com  
[2019-11-23 09:54:37] production.INFO: Air Axom Private Limited jayantasengupta007@gmail.com  
[2019-11-23 09:54:37] production.INFO: Air Chef Private Limited babulalbucha@yahoo.co.in  
[2019-11-23 09:54:38] production.INFO: Air Transport Corporation Assam Privateltd chennai@atclindia.com  
[2019-11-23 09:54:38] production.INFO: Airbuzz Private Limited rishabhberia@gmail.com  
[2019-11-23 09:54:38] production.INFO: Aishwarya Tie Up Private Limited ef786008@gmail.com  
[2019-11-23 09:54:38] production.INFO: Ajagar Agro Producer Company Limited aadijain1@sancharnet.in  
[2019-11-23 09:54:38] production.INFO: Ajagar Finance Private Limited ajagarsocialcircle@yahoo.co.in  
[2019-11-23 09:54:39] production.INFO: Ajay Mercantiles Private Limited kcjcompanies@gmail.com  
[2019-11-23 09:54:39] production.INFO: Ajir Asom Dainik Pvt Ltd skchakraborty2007@yahoo.com  
[2019-11-23 09:54:39] production.INFO: Ajit Motor Hire Purchase Pvt Ltd ajitbetala@rediffmail.com  
[2019-11-23 09:54:39] production.INFO: Ajitsaria Buildcon Private Limited sumitajit@gmail.com  
[2019-11-23 09:54:39] production.INFO: Ajmer Agro Products Private Limited cajoshi1@gmail.com  
[2019-11-23 09:54:39] production.INFO: Ajmer Coldtech Private Limited cajoshi1@gmail.com  
[2019-11-23 09:54:39] production.INFO: Ak Multitrade India Private Limited prabir_ca@rediffmail.com  
[2019-11-23 09:54:40] production.INFO: Akanksha Hospital Private Limited pravin.cs@rediffmail.com  
[2019-11-23 09:54:40] production.INFO: Akanksha Realtors Marketing Private Limited aptrade2007@gmail.com  
[2019-11-23 09:54:40] production.INFO: Akansha Tea Plantation And Tradingcompany Private Limited mkbardoloi@gmail.com  
[2019-11-23 09:54:40] production.INFO: Akash Biscuits Pvt Ltd guwahati@mayurply.com  
[2019-11-23 09:54:40] production.INFO: Akash Pharma Pvt Ltd rocfilingmca123@gmail.com  
[2019-11-23 09:54:40] production.INFO: Abhishek abhishek.sumatoglobal@gmail.com  
