[2019-11-16 12:03:22] production.INFO: sas@test.test  
[2019-11-16 12:03:23] production.INFO: asas@test.test  
[2019-11-16 12:03:32] production.ERROR: Failed to authenticate on SMTP server with username "1fce93860780a3" using 3 possible authenticators. Authenticator CRAM-MD5 returned Expected response code 235 but got code "535", with message "535 5.7.0 Invalid login or password
". Authenticator LOGIN returned Expected response code 250 but got an empty response. Authenticator PLAIN returned Expected response code 250 but got an empty response. {"exception":"[object] (Swift_TransportException(code: 0): Failed to authenticate on SMTP server with username \"1fce93860780a3\" using 3 possible authenticators. Authenticator CRAM-MD5 returned Expected response code 235 but got code \"535\", with message \"535 5.7.0 Invalid login or password
\". Authenticator LOGIN returned Expected response code 250 but got an empty response. Authenticator PLAIN returned Expected response code 250 but got an empty response. at /home/mb/Sites/mailsender/vendor/swiftmailer/swiftmailer/lib/classes/Swift/Transport/Esmtp/AuthHandler.php:191)
[stacktrace]
#0 /home/mb/Sites/mailsender/vendor/swiftmailer/swiftmailer/lib/classes/Swift/Transport/EsmtpTransport.php(371): Swift_Transport_Esmtp_AuthHandler->afterEhlo(Object(Swift_SmtpTransport))
#1 /home/mb/Sites/mailsender/vendor/swiftmailer/swiftmailer/lib/classes/Swift/Transport/AbstractSmtpTransport.php(148): Swift_Transport_EsmtpTransport->doHeloCommand()
#2 /home/mb/Sites/mailsender/vendor/swiftmailer/swiftmailer/lib/classes/Swift/Mailer.php(65): Swift_Transport_AbstractSmtpTransport->start()
#3 /home/mb/Sites/mailsender/vendor/laravel/framework/src/Illuminate/Mail/Mailer.php(484): Swift_Mailer->send(Object(Swift_Message), Array)
#4 /home/mb/Sites/mailsender/vendor/laravel/framework/src/Illuminate/Mail/Mailer.php(259): Illuminate\\Mail\\Mailer->sendSwiftMessage(Object(Swift_Message))
#5 /home/mb/Sites/mailsender/vendor/laravel/framework/src/Illuminate/Mail/Mailable.php(159): Illuminate\\Mail\\Mailer->send('campaign.mailte...', Array, Object(Closure))
#6 /home/mb/Sites/mailsender/vendor/laravel/framework/src/Illuminate/Support/Traits/Localizable.php(19): Illuminate\\Mail\\Mailable->Illuminate\\Mail\\{closure}()
#7 /home/mb/Sites/mailsender/vendor/laravel/framework/src/Illuminate/Mail/Mailable.php(160): Illuminate\\Mail\\Mailable->withLocale(NULL, Object(Closure))
#8 /home/mb/Sites/mailsender/vendor/laravel/framework/src/Illuminate/Mail/SendQueuedMailable.php(52): Illuminate\\Mail\\Mailable->send(Object(Illuminate\\Mail\\Mailer))
#9 [internal function]: Illuminate\\Mail\\SendQueuedMailable->handle(Object(Illuminate\\Mail\\Mailer))
#10 /home/mb/Sites/mailsender/vendor/laravel/framework/src/Illuminate/Container/BoundMethod.php(32): call_user_func_array(Array, Array)
#11 /home/mb/Sites/mailsender/vendor/laravel/framework/src/Illuminate/Container/Util.php(34): Illuminate\\Container\\BoundMethod::Illuminate\\Container\\{closure}()
#12 /home/mb/Sites/mailsender/vendor/laravel/framework/src/Illuminate/Container/BoundMethod.php(90): Illuminate\\Container\\Util::unwrapIfClosure(Object(Closure))
#13 /home/mb/Sites/mailsender/vendor/laravel/framework/src/Illuminate/Container/BoundMethod.php(34): Illuminate\\Container\\BoundMethod::callBoundMethod(Object(Illuminate\\Foundation\\Application), Array, Object(Closure))
#14 /home/mb/Sites/mailsender/vendor/laravel/framework/src/Illuminate/Container/Container.php(590): Illuminate\\Container\\BoundMethod::call(Object(Illuminate\\Foundation\\Application), Array, Array, NULL)
#15 /home/mb/Sites/mailsender/vendor/laravel/framework/src/Illuminate/Bus/Dispatcher.php(94): Illuminate\\Container\\Container->call(Array)
#16 /home/mb/Sites/mailsender/vendor/laravel/framework/src/Illuminate/Pipeline/Pipeline.php(130): Illuminate\\Bus\\Dispatcher->Illuminate\\Bus\\{closure}(Object(Illuminate\\Mail\\SendQueuedMailable))
#17 /home/mb/Sites/mailsender/vendor/laravel/framework/src/Illuminate/Pipeline/Pipeline.php(105): Illuminate\\Pipeline\\Pipeline->Illuminate\\Pipeline\\{closure}(Object(Illuminate\\Mail\\SendQueuedMailable))
#18 /home/mb/Sites/mailsender/vendor/laravel/framework/src/Illuminate/Bus/Dispatcher.php(98): Illuminate\\Pipeline\\Pipeline->then(Object(Closure))
#19 /home/mb/Sites/mailsender/vendor/laravel/framework/src/Illuminate/Queue/CallQueuedHandler.php(83): Illuminate\\Bus\\Dispatcher->dispatchNow(Object(Illuminate\\Mail\\SendQueuedMailable), false)
#20 /home/mb/Sites/mailsender/vendor/laravel/framework/src/Illuminate/Pipeline/Pipeline.php(130): Illuminate\\Queue\\CallQueuedHandler->Illuminate\\Queue\\{closure}(Object(Illuminate\\Mail\\SendQueuedMailable))
#21 /home/mb/Sites/mailsender/vendor/laravel/framework/src/Illuminate/Pipeline/Pipeline.php(105): Illuminate\\Pipeline\\Pipeline->Illuminate\\Pipeline\\{closure}(Object(Illuminate\\Mail\\SendQueuedMailable))
#22 /home/mb/Sites/mailsender/vendor/laravel/framework/src/Illuminate/Queue/CallQueuedHandler.php(85): Illuminate\\Pipeline\\Pipeline->then(Object(Closure))
#23 /home/mb/Sites/mailsender/vendor/laravel/framework/src/Illuminate/Queue/CallQueuedHandler.php(59): Illuminate\\Queue\\CallQueuedHandler->dispatchThroughMiddleware(Object(Illuminate\\Queue\\Jobs\\DatabaseJob), Object(Illuminate\\Mail\\SendQueuedMailable))
#24 /home/mb/Sites/mailsender/vendor/laravel/framework/src/Illuminate/Queue/Jobs/Job.php(88): Illuminate\\Queue\\CallQueuedHandler->call(Object(Illuminate\\Queue\\Jobs\\DatabaseJob), Array)
#25 /home/mb/Sites/mailsender/vendor/laravel/framework/src/Illuminate/Queue/Worker.php(348): Illuminate\\Queue\\Jobs\\Job->fire()
#26 /home/mb/Sites/mailsender/vendor/laravel/framework/src/Illuminate/Queue/Worker.php(294): Illuminate\\Queue\\Worker->process('database', Object(Illuminate\\Queue\\Jobs\\DatabaseJob), Object(Illuminate\\Queue\\WorkerOptions))
#27 /home/mb/Sites/mailsender/vendor/laravel/framework/src/Illuminate/Queue/Worker.php(247): Illuminate\\Queue\\Worker->runJob(Object(Illuminate\\Queue\\Jobs\\DatabaseJob), 'database', Object(Illuminate\\Queue\\WorkerOptions))
#28 /home/mb/Sites/mailsender/vendor/laravel/framework/src/Illuminate/Queue/Console/WorkCommand.php(112): Illuminate\\Queue\\Worker->runNextJob('database', 'default', Object(Illuminate\\Queue\\WorkerOptions))
#29 /home/mb/Sites/mailsender/vendor/laravel/framework/src/Illuminate/Queue/Console/WorkCommand.php(96): Illuminate\\Queue\\Console\\WorkCommand->runWorker('database', 'default')
#30 [internal function]: Illuminate\\Queue\\Console\\WorkCommand->handle()
#31 /home/mb/Sites/mailsender/vendor/laravel/framework/src/Illuminate/Container/BoundMethod.php(32): call_user_func_array(Array, Array)
#32 /home/mb/Sites/mailsender/vendor/laravel/framework/src/Illuminate/Container/Util.php(34): Illuminate\\Container\\BoundMethod::Illuminate\\Container\\{closure}()
#33 /home/mb/Sites/mailsender/vendor/laravel/framework/src/Illuminate/Container/BoundMethod.php(90): Illuminate\\Container\\Util::unwrapIfClosure(Object(Closure))
#34 /home/mb/Sites/mailsender/vendor/laravel/framework/src/Illuminate/Container/BoundMethod.php(34): Illuminate\\Container\\BoundMethod::callBoundMethod(Object(Illuminate\\Foundation\\Application), Array, Object(Closure))
#35 /home/mb/Sites/mailsender/vendor/laravel/framework/src/Illuminate/Container/Container.php(590): Illuminate\\Container\\BoundMethod::call(Object(Illuminate\\Foundation\\Application), Array, Array, NULL)
#36 /home/mb/Sites/mailsender/vendor/laravel/framework/src/Illuminate/Console/Command.php(202): Illuminate\\Container\\Container->call(Array)
#37 /home/mb/Sites/mailsender/vendor/symfony/console/Command/Command.php(255): Illuminate\\Console\\Command->execute(Object(Symfony\\Component\\Console\\Input\\ArgvInput), Object(Illuminate\\Console\\OutputStyle))
#38 /home/mb/Sites/mailsender/vendor/laravel/framework/src/Illuminate/Console/Command.php(189): Symfony\\Component\\Console\\Command\\Command->run(Object(Symfony\\Component\\Console\\Input\\ArgvInput), Object(Illuminate\\Console\\OutputStyle))
#39 /home/mb/Sites/mailsender/vendor/symfony/console/Application.php(934): Illuminate\\Console\\Command->run(Object(Symfony\\Component\\Console\\Input\\ArgvInput), Object(Symfony\\Component\\Console\\Output\\ConsoleOutput))
#40 /home/mb/Sites/mailsender/vendor/symfony/console/Application.php(273): Symfony\\Component\\Console\\Application->doRunCommand(Object(Illuminate\\Queue\\Console\\WorkCommand), Object(Symfony\\Component\\Console\\Input\\ArgvInput), Object(Symfony\\Component\\Console\\Output\\ConsoleOutput))
#41 /home/mb/Sites/mailsender/vendor/symfony/console/Application.php(149): Symfony\\Component\\Console\\Application->doRun(Object(Symfony\\Component\\Console\\Input\\ArgvInput), Object(Symfony\\Component\\Console\\Output\\ConsoleOutput))
#42 /home/mb/Sites/mailsender/vendor/laravel/framework/src/Illuminate/Console/Application.php(90): Symfony\\Component\\Console\\Application->run(Object(Symfony\\Component\\Console\\Input\\ArgvInput), Object(Symfony\\Component\\Console\\Output\\ConsoleOutput))
#43 /home/mb/Sites/mailsender/vendor/laravel/framework/src/Illuminate/Foundation/Console/Kernel.php(131): Illuminate\\Console\\Application->run(Object(Symfony\\Component\\Console\\Input\\ArgvInput), Object(Symfony\\Component\\Console\\Output\\ConsoleOutput))
#44 /home/mb/Sites/mailsender/artisan(37): Illuminate\\Foundation\\Console\\Kernel->handle(Object(Symfony\\Component\\Console\\Input\\ArgvInput), Object(Symfony\\Component\\Console\\Output\\ConsoleOutput))
#45 {main}
"} 
[2019-11-16 12:03:40] production.ERROR: Failed to authenticate on SMTP server with username "1fce93860780a3" using 3 possible authenticators. Authenticator CRAM-MD5 returned Expected response code 235 but got code "535", with message "535 5.7.0 Invalid login or password
". Authenticator LOGIN returned Expected response code 250 but got an empty response. Authenticator PLAIN returned Expected response code 250 but got an empty response. {"exception":"[object] (Swift_TransportException(code: 0): Failed to authenticate on SMTP server with username \"1fce93860780a3\" using 3 possible authenticators. Authenticator CRAM-MD5 returned Expected response code 235 but got code \"535\", with message \"535 5.7.0 Invalid login or password
\". Authenticator LOGIN returned Expected response code 250 but got an empty response. Authenticator PLAIN returned Expected response code 250 but got an empty response. at /home/mb/Sites/mailsender/vendor/swiftmailer/swiftmailer/lib/classes/Swift/Transport/Esmtp/AuthHandler.php:191)
[stacktrace]
#0 /home/mb/Sites/mailsender/vendor/swiftmailer/swiftmailer/lib/classes/Swift/Transport/EsmtpTransport.php(371): Swift_Transport_Esmtp_AuthHandler->afterEhlo(Object(Swift_SmtpTransport))
#1 /home/mb/Sites/mailsender/vendor/swiftmailer/swiftmailer/lib/classes/Swift/Transport/AbstractSmtpTransport.php(148): Swift_Transport_EsmtpTransport->doHeloCommand()
#2 /home/mb/Sites/mailsender/vendor/swiftmailer/swiftmailer/lib/classes/Swift/Mailer.php(65): Swift_Transport_AbstractSmtpTransport->start()
#3 /home/mb/Sites/mailsender/vendor/laravel/framework/src/Illuminate/Mail/Mailer.php(484): Swift_Mailer->send(Object(Swift_Message), Array)
#4 /home/mb/Sites/mailsender/vendor/laravel/framework/src/Illuminate/Mail/Mailer.php(259): Illuminate\\Mail\\Mailer->sendSwiftMessage(Object(Swift_Message))
#5 /home/mb/Sites/mailsender/vendor/laravel/framework/src/Illuminate/Mail/Mailable.php(159): Illuminate\\Mail\\Mailer->send('campaign.mailte...', Array, Object(Closure))
#6 /home/mb/Sites/mailsender/vendor/laravel/framework/src/Illuminate/Support/Traits/Localizable.php(19): Illuminate\\Mail\\Mailable->Illuminate\\Mail\\{closure}()
#7 /home/mb/Sites/mailsender/vendor/laravel/framework/src/Illuminate/Mail/Mailable.php(160): Illuminate\\Mail\\Mailable->withLocale(NULL, Object(Closure))
#8 /home/mb/Sites/mailsender/vendor/laravel/framework/src/Illuminate/Mail/SendQueuedMailable.php(52): Illuminate\\Mail\\Mailable->send(Object(Illuminate\\Mail\\Mailer))
#9 [internal function]: Illuminate\\Mail\\SendQueuedMailable->handle(Object(Illuminate\\Mail\\Mailer))
#10 /home/mb/Sites/mailsender/vendor/laravel/framework/src/Illuminate/Container/BoundMethod.php(32): call_user_func_array(Array, Array)
#11 /home/mb/Sites/mailsender/vendor/laravel/framework/src/Illuminate/Container/Util.php(34): Illuminate\\Container\\BoundMethod::Illuminate\\Container\\{closure}()
#12 /home/mb/Sites/mailsender/vendor/laravel/framework/src/Illuminate/Container/BoundMethod.php(90): Illuminate\\Container\\Util::unwrapIfClosure(Object(Closure))
#13 /home/mb/Sites/mailsender/vendor/laravel/framework/src/Illuminate/Container/BoundMethod.php(34): Illuminate\\Container\\BoundMethod::callBoundMethod(Object(Illuminate\\Foundation\\Application), Array, Object(Closure))
#14 /home/mb/Sites/mailsender/vendor/laravel/framework/src/Illuminate/Container/Container.php(590): Illuminate\\Container\\BoundMethod::call(Object(Illuminate\\Foundation\\Application), Array, Array, NULL)
#15 /home/mb/Sites/mailsender/vendor/laravel/framework/src/Illuminate/Bus/Dispatcher.php(94): Illuminate\\Container\\Container->call(Array)
#16 /home/mb/Sites/mailsender/vendor/laravel/framework/src/Illuminate/Pipeline/Pipeline.php(130): Illuminate\\Bus\\Dispatcher->Illuminate\\Bus\\{closure}(Object(Illuminate\\Mail\\SendQueuedMailable))
#17 /home/mb/Sites/mailsender/vendor/laravel/framework/src/Illuminate/Pipeline/Pipeline.php(105): Illuminate\\Pipeline\\Pipeline->Illuminate\\Pipeline\\{closure}(Object(Illuminate\\Mail\\SendQueuedMailable))
#18 /home/mb/Sites/mailsender/vendor/laravel/framework/src/Illuminate/Bus/Dispatcher.php(98): Illuminate\\Pipeline\\Pipeline->then(Object(Closure))
#19 /home/mb/Sites/mailsender/vendor/laravel/framework/src/Illuminate/Queue/CallQueuedHandler.php(83): Illuminate\\Bus\\Dispatcher->dispatchNow(Object(Illuminate\\Mail\\SendQueuedMailable), false)
#20 /home/mb/Sites/mailsender/vendor/laravel/framework/src/Illuminate/Pipeline/Pipeline.php(130): Illuminate\\Queue\\CallQueuedHandler->Illuminate\\Queue\\{closure}(Object(Illuminate\\Mail\\SendQueuedMailable))
#21 /home/mb/Sites/mailsender/vendor/laravel/framework/src/Illuminate/Pipeline/Pipeline.php(105): Illuminate\\Pipeline\\Pipeline->Illuminate\\Pipeline\\{closure}(Object(Illuminate\\Mail\\SendQueuedMailable))
#22 /home/mb/Sites/mailsender/vendor/laravel/framework/src/Illuminate/Queue/CallQueuedHandler.php(85): Illuminate\\Pipeline\\Pipeline->then(Object(Closure))
#23 /home/mb/Sites/mailsender/vendor/laravel/framework/src/Illuminate/Queue/CallQueuedHandler.php(59): Illuminate\\Queue\\CallQueuedHandler->dispatchThroughMiddleware(Object(Illuminate\\Queue\\Jobs\\DatabaseJob), Object(Illuminate\\Mail\\SendQueuedMailable))
#24 /home/mb/Sites/mailsender/vendor/laravel/framework/src/Illuminate/Queue/Jobs/Job.php(88): Illuminate\\Queue\\CallQueuedHandler->call(Object(Illuminate\\Queue\\Jobs\\DatabaseJob), Array)
#25 /home/mb/Sites/mailsender/vendor/laravel/framework/src/Illuminate/Queue/Worker.php(348): Illuminate\\Queue\\Jobs\\Job->fire()
#26 /home/mb/Sites/mailsender/vendor/laravel/framework/src/Illuminate/Queue/Worker.php(294): Illuminate\\Queue\\Worker->process('database', Object(Illuminate\\Queue\\Jobs\\DatabaseJob), Object(Illuminate\\Queue\\WorkerOptions))
#27 /home/mb/Sites/mailsender/vendor/laravel/framework/src/Illuminate/Queue/Worker.php(247): Illuminate\\Queue\\Worker->runJob(Object(Illuminate\\Queue\\Jobs\\DatabaseJob), 'database', Object(Illuminate\\Queue\\WorkerOptions))
#28 /home/mb/Sites/mailsender/vendor/laravel/framework/src/Illuminate/Queue/Console/WorkCommand.php(112): Illuminate\\Queue\\Worker->runNextJob('database', 'default', Object(Illuminate\\Queue\\WorkerOptions))
#29 /home/mb/Sites/mailsender/vendor/laravel/framework/src/Illuminate/Queue/Console/WorkCommand.php(96): Illuminate\\Queue\\Console\\WorkCommand->runWorker('database', 'default')
#30 [internal function]: Illuminate\\Queue\\Console\\WorkCommand->handle()
#31 /home/mb/Sites/mailsender/vendor/laravel/framework/src/Illuminate/Container/BoundMethod.php(32): call_user_func_array(Array, Array)
#32 /home/mb/Sites/mailsender/vendor/laravel/framework/src/Illuminate/Container/Util.php(34): Illuminate\\Container\\BoundMethod::Illuminate\\Container\\{closure}()
#33 /home/mb/Sites/mailsender/vendor/laravel/framework/src/Illuminate/Container/BoundMethod.php(90): Illuminate\\Container\\Util::unwrapIfClosure(Object(Closure))
#34 /home/mb/Sites/mailsender/vendor/laravel/framework/src/Illuminate/Container/BoundMethod.php(34): Illuminate\\Container\\BoundMethod::callBoundMethod(Object(Illuminate\\Foundation\\Application), Array, Object(Closure))
#35 /home/mb/Sites/mailsender/vendor/laravel/framework/src/Illuminate/Container/Container.php(590): Illuminate\\Container\\BoundMethod::call(Object(Illuminate\\Foundation\\Application), Array, Array, NULL)
#36 /home/mb/Sites/mailsender/vendor/laravel/framework/src/Illuminate/Console/Command.php(202): Illuminate\\Container\\Container->call(Array)
#37 /home/mb/Sites/mailsender/vendor/symfony/console/Command/Command.php(255): Illuminate\\Console\\Command->execute(Object(Symfony\\Component\\Console\\Input\\ArgvInput), Object(Illuminate\\Console\\OutputStyle))
#38 /home/mb/Sites/mailsender/vendor/laravel/framework/src/Illuminate/Console/Command.php(189): Symfony\\Component\\Console\\Command\\Command->run(Object(Symfony\\Component\\Console\\Input\\ArgvInput), Object(Illuminate\\Console\\OutputStyle))
#39 /home/mb/Sites/mailsender/vendor/symfony/console/Application.php(934): Illuminate\\Console\\Command->run(Object(Symfony\\Component\\Console\\Input\\ArgvInput), Object(Symfony\\Component\\Console\\Output\\ConsoleOutput))
#40 /home/mb/Sites/mailsender/vendor/symfony/console/Application.php(273): Symfony\\Component\\Console\\Application->doRunCommand(Object(Illuminate\\Queue\\Console\\WorkCommand), Object(Symfony\\Component\\Console\\Input\\ArgvInput), Object(Symfony\\Component\\Console\\Output\\ConsoleOutput))
#41 /home/mb/Sites/mailsender/vendor/symfony/console/Application.php(149): Symfony\\Component\\Console\\Application->doRun(Object(Symfony\\Component\\Console\\Input\\ArgvInput), Object(Symfony\\Component\\Console\\Output\\ConsoleOutput))
#42 /home/mb/Sites/mailsender/vendor/laravel/framework/src/Illuminate/Console/Application.php(90): Symfony\\Component\\Console\\Application->run(Object(Symfony\\Component\\Console\\Input\\ArgvInput), Object(Symfony\\Component\\Console\\Output\\ConsoleOutput))
#43 /home/mb/Sites/mailsender/vendor/laravel/framework/src/Illuminate/Foundation/Console/Kernel.php(131): Illuminate\\Console\\Application->run(Object(Symfony\\Component\\Console\\Input\\ArgvInput), Object(Symfony\\Component\\Console\\Output\\ConsoleOutput))
#44 /home/mb/Sites/mailsender/artisan(37): Illuminate\\Foundation\\Console\\Kernel->handle(Object(Symfony\\Component\\Console\\Input\\ArgvInput), Object(Symfony\\Component\\Console\\Output\\ConsoleOutput))
#45 {main}
"} 
[2019-11-16 12:03:57] production.INFO: sas@test.test  
[2019-11-16 12:03:57] production.INFO: asas@test.test  
[2019-11-16 12:04:04] production.ERROR: Failed to authenticate on SMTP server with username "c3a08d086c18d7" using 3 possible authenticators. Authenticator CRAM-MD5 returned Expected response code 235 but got code "535", with message "535 5.7.0 Invalid login or password
". Authenticator LOGIN returned Expected response code 250 but got an empty response. Authenticator PLAIN returned Expected response code 250 but got an empty response. {"exception":"[object] (Swift_TransportException(code: 0): Failed to authenticate on SMTP server with username \"c3a08d086c18d7\" using 3 possible authenticators. Authenticator CRAM-MD5 returned Expected response code 235 but got code \"535\", with message \"535 5.7.0 Invalid login or password
\". Authenticator LOGIN returned Expected response code 250 but got an empty response. Authenticator PLAIN returned Expected response code 250 but got an empty response. at /home/mb/Sites/mailsender/vendor/swiftmailer/swiftmailer/lib/classes/Swift/Transport/Esmtp/AuthHandler.php:191)
[stacktrace]
#0 /home/mb/Sites/mailsender/vendor/swiftmailer/swiftmailer/lib/classes/Swift/Transport/EsmtpTransport.php(371): Swift_Transport_Esmtp_AuthHandler->afterEhlo(Object(Swift_SmtpTransport))
#1 /home/mb/Sites/mailsender/vendor/swiftmailer/swiftmailer/lib/classes/Swift/Transport/AbstractSmtpTransport.php(148): Swift_Transport_EsmtpTransport->doHeloCommand()
#2 /home/mb/Sites/mailsender/vendor/swiftmailer/swiftmailer/lib/classes/Swift/Mailer.php(65): Swift_Transport_AbstractSmtpTransport->start()
#3 /home/mb/Sites/mailsender/vendor/laravel/framework/src/Illuminate/Mail/Mailer.php(484): Swift_Mailer->send(Object(Swift_Message), Array)
#4 /home/mb/Sites/mailsender/vendor/laravel/framework/src/Illuminate/Mail/Mailer.php(259): Illuminate\\Mail\\Mailer->sendSwiftMessage(Object(Swift_Message))
#5 /home/mb/Sites/mailsender/vendor/laravel/framework/src/Illuminate/Mail/Mailable.php(159): Illuminate\\Mail\\Mailer->send('campaign.mailte...', Array, Object(Closure))
#6 /home/mb/Sites/mailsender/vendor/laravel/framework/src/Illuminate/Support/Traits/Localizable.php(19): Illuminate\\Mail\\Mailable->Illuminate\\Mail\\{closure}()
#7 /home/mb/Sites/mailsender/vendor/laravel/framework/src/Illuminate/Mail/Mailable.php(160): Illuminate\\Mail\\Mailable->withLocale(NULL, Object(Closure))
#8 /home/mb/Sites/mailsender/vendor/laravel/framework/src/Illuminate/Mail/SendQueuedMailable.php(52): Illuminate\\Mail\\Mailable->send(Object(Illuminate\\Mail\\Mailer))
#9 [internal function]: Illuminate\\Mail\\SendQueuedMailable->handle(Object(Illuminate\\Mail\\Mailer))
#10 /home/mb/Sites/mailsender/vendor/laravel/framework/src/Illuminate/Container/BoundMethod.php(32): call_user_func_array(Array, Array)
#11 /home/mb/Sites/mailsender/vendor/laravel/framework/src/Illuminate/Container/Util.php(34): Illuminate\\Container\\BoundMethod::Illuminate\\Container\\{closure}()
#12 /home/mb/Sites/mailsender/vendor/laravel/framework/src/Illuminate/Container/BoundMethod.php(90): Illuminate\\Container\\Util::unwrapIfClosure(Object(Closure))
#13 /home/mb/Sites/mailsender/vendor/laravel/framework/src/Illuminate/Container/BoundMethod.php(34): Illuminate\\Container\\BoundMethod::callBoundMethod(Object(Illuminate\\Foundation\\Application), Array, Object(Closure))
#14 /home/mb/Sites/mailsender/vendor/laravel/framework/src/Illuminate/Container/Container.php(590): Illuminate\\Container\\BoundMethod::call(Object(Illuminate\\Foundation\\Application), Array, Array, NULL)
#15 /home/mb/Sites/mailsender/vendor/laravel/framework/src/Illuminate/Bus/Dispatcher.php(94): Illuminate\\Container\\Container->call(Array)
#16 /home/mb/Sites/mailsender/vendor/laravel/framework/src/Illuminate/Pipeline/Pipeline.php(130): Illuminate\\Bus\\Dispatcher->Illuminate\\Bus\\{closure}(Object(Illuminate\\Mail\\SendQueuedMailable))
#17 /home/mb/Sites/mailsender/vendor/laravel/framework/src/Illuminate/Pipeline/Pipeline.php(105): Illuminate\\Pipeline\\Pipeline->Illuminate\\Pipeline\\{closure}(Object(Illuminate\\Mail\\SendQueuedMailable))
#18 /home/mb/Sites/mailsender/vendor/laravel/framework/src/Illuminate/Bus/Dispatcher.php(98): Illuminate\\Pipeline\\Pipeline->then(Object(Closure))
#19 /home/mb/Sites/mailsender/vendor/laravel/framework/src/Illuminate/Queue/CallQueuedHandler.php(83): Illuminate\\Bus\\Dispatcher->dispatchNow(Object(Illuminate\\Mail\\SendQueuedMailable), false)
#20 /home/mb/Sites/mailsender/vendor/laravel/framework/src/Illuminate/Pipeline/Pipeline.php(130): Illuminate\\Queue\\CallQueuedHandler->Illuminate\\Queue\\{closure}(Object(Illuminate\\Mail\\SendQueuedMailable))
#21 /home/mb/Sites/mailsender/vendor/laravel/framework/src/Illuminate/Pipeline/Pipeline.php(105): Illuminate\\Pipeline\\Pipeline->Illuminate\\Pipeline\\{closure}(Object(Illuminate\\Mail\\SendQueuedMailable))
#22 /home/mb/Sites/mailsender/vendor/laravel/framework/src/Illuminate/Queue/CallQueuedHandler.php(85): Illuminate\\Pipeline\\Pipeline->then(Object(Closure))
#23 /home/mb/Sites/mailsender/vendor/laravel/framework/src/Illuminate/Queue/CallQueuedHandler.php(59): Illuminate\\Queue\\CallQueuedHandler->dispatchThroughMiddleware(Object(Illuminate\\Queue\\Jobs\\DatabaseJob), Object(Illuminate\\Mail\\SendQueuedMailable))
#24 /home/mb/Sites/mailsender/vendor/laravel/framework/src/Illuminate/Queue/Jobs/Job.php(88): Illuminate\\Queue\\CallQueuedHandler->call(Object(Illuminate\\Queue\\Jobs\\DatabaseJob), Array)
#25 /home/mb/Sites/mailsender/vendor/laravel/framework/src/Illuminate/Queue/Worker.php(348): Illuminate\\Queue\\Jobs\\Job->fire()
#26 /home/mb/Sites/mailsender/vendor/laravel/framework/src/Illuminate/Queue/Worker.php(294): Illuminate\\Queue\\Worker->process('database', Object(Illuminate\\Queue\\Jobs\\DatabaseJob), Object(Illuminate\\Queue\\WorkerOptions))
#27 /home/mb/Sites/mailsender/vendor/laravel/framework/src/Illuminate/Queue/Worker.php(247): Illuminate\\Queue\\Worker->runJob(Object(Illuminate\\Queue\\Jobs\\DatabaseJob), 'database', Object(Illuminate\\Queue\\WorkerOptions))
#28 /home/mb/Sites/mailsender/vendor/laravel/framework/src/Illuminate/Queue/Console/WorkCommand.php(112): Illuminate\\Queue\\Worker->runNextJob('database', 'default', Object(Illuminate\\Queue\\WorkerOptions))
#29 /home/mb/Sites/mailsender/vendor/laravel/framework/src/Illuminate/Queue/Console/WorkCommand.php(96): Illuminate\\Queue\\Console\\WorkCommand->runWorker('database', 'default')
#30 [internal function]: Illuminate\\Queue\\Console\\WorkCommand->handle()
#31 /home/mb/Sites/mailsender/vendor/laravel/framework/src/Illuminate/Container/BoundMethod.php(32): call_user_func_array(Array, Array)
#32 /home/mb/Sites/mailsender/vendor/laravel/framework/src/Illuminate/Container/Util.php(34): Illuminate\\Container\\BoundMethod::Illuminate\\Container\\{closure}()
#33 /home/mb/Sites/mailsender/vendor/laravel/framework/src/Illuminate/Container/BoundMethod.php(90): Illuminate\\Container\\Util::unwrapIfClosure(Object(Closure))
#34 /home/mb/Sites/mailsender/vendor/laravel/framework/src/Illuminate/Container/BoundMethod.php(34): Illuminate\\Container\\BoundMethod::callBoundMethod(Object(Illuminate\\Foundation\\Application), Array, Object(Closure))
#35 /home/mb/Sites/mailsender/vendor/laravel/framework/src/Illuminate/Container/Container.php(590): Illuminate\\Container\\BoundMethod::call(Object(Illuminate\\Foundation\\Application), Array, Array, NULL)
#36 /home/mb/Sites/mailsender/vendor/laravel/framework/src/Illuminate/Console/Command.php(202): Illuminate\\Container\\Container->call(Array)
#37 /home/mb/Sites/mailsender/vendor/symfony/console/Command/Command.php(255): Illuminate\\Console\\Command->execute(Object(Symfony\\Component\\Console\\Input\\ArgvInput), Object(Illuminate\\Console\\OutputStyle))
#38 /home/mb/Sites/mailsender/vendor/laravel/framework/src/Illuminate/Console/Command.php(189): Symfony\\Component\\Console\\Command\\Command->run(Object(Symfony\\Component\\Console\\Input\\ArgvInput), Object(Illuminate\\Console\\OutputStyle))
#39 /home/mb/Sites/mailsender/vendor/symfony/console/Application.php(934): Illuminate\\Console\\Command->run(Object(Symfony\\Component\\Console\\Input\\ArgvInput), Object(Symfony\\Component\\Console\\Output\\ConsoleOutput))
#40 /home/mb/Sites/mailsender/vendor/symfony/console/Application.php(273): Symfony\\Component\\Console\\Application->doRunCommand(Object(Illuminate\\Queue\\Console\\WorkCommand), Object(Symfony\\Component\\Console\\Input\\ArgvInput), Object(Symfony\\Component\\Console\\Output\\ConsoleOutput))
#41 /home/mb/Sites/mailsender/vendor/symfony/console/Application.php(149): Symfony\\Component\\Console\\Application->doRun(Object(Symfony\\Component\\Console\\Input\\ArgvInput), Object(Symfony\\Component\\Console\\Output\\ConsoleOutput))
#42 /home/mb/Sites/mailsender/vendor/laravel/framework/src/Illuminate/Console/Application.php(90): Symfony\\Component\\Console\\Application->run(Object(Symfony\\Component\\Console\\Input\\ArgvInput), Object(Symfony\\Component\\Console\\Output\\ConsoleOutput))
#43 /home/mb/Sites/mailsender/vendor/laravel/framework/src/Illuminate/Foundation/Console/Kernel.php(131): Illuminate\\Console\\Application->run(Object(Symfony\\Component\\Console\\Input\\ArgvInput), Object(Symfony\\Component\\Console\\Output\\ConsoleOutput))
#44 /home/mb/Sites/mailsender/artisan(37): Illuminate\\Foundation\\Console\\Kernel->handle(Object(Symfony\\Component\\Console\\Input\\ArgvInput), Object(Symfony\\Component\\Console\\Output\\ConsoleOutput))
#45 {main}
"} 
